<?xml version="1.0" encoding="UTF-8"?>
<!-- Generated by org.testng.reporters.JUnitXMLReporter -->
<testsuite ignored="373" hostname="GeekFerry-01" failures="0" tests="1" name="Default test" time="69.284" errors="0" timestamp="2023-03-14T12:39:08 IST">
  <testcase classname="com.framework.TestCases.TestCases" name="Verify_That_Open_Extras_Panel_Is_Display_And_There_Are_Multiple_Option_In_The_Panel" time="69.248"/>
  <testcase classname="com.framework.TestCases.TestCases" name="Verify_Topics_Are_Change_When_Other_Avatars_Were_Selected" time="0.0">
    <ignored/>
  </testcase> <!-- Verify_Topics_Are_Change_When_Other_Avatars_Were_Selected -->
  <testcase classname="com.framework.TestCases.TestCases" name="Verify_Blob_Storage_Option" time="0.0">
    <ignored/>
  </testcase> <!-- Verify_Blob_Storage_Option -->
  <testcase classname="com.framework.TestCases.TestCases" name="Verify_That_When_Audit_And_Decision_Show_Up_That_They_Are_Collapsed_By_Default" time="0.0">
    <ignored/>
  </testcase> <!-- Verify_That_When_Audit_And_Decision_Show_Up_That_They_Are_Collapsed_By_Default -->
  <testcase classname="com.framework.TestCases.TestCases" name="Verify_That_Source_Link_Is_Clickable_And_Page_Is_Not_Reloaded" time="0.0">
    <ignored/>
  </testcase> <!-- Verify_That_Source_Link_Is_Clickable_And_Page_Is_Not_Reloaded -->
  <testcase classname="com.framework.TestCases.TestCases" name="Verify_Downvoted_Question_Is_Display_in_Knowledge_Analytics" time="0.0">
    <ignored/>
  </testcase> <!-- Verify_Downvoted_Question_Is_Display_in_Knowledge_Analytics -->
  <testcase classname="com.framework.TestCases.TestCases" name="Verify_The_Company_And_The_Organization_Options_Is_Appear_Separately" time="0.0">
    <ignored/>
  </testcase> <!-- Verify_The_Company_And_The_Organization_Options_Is_Appear_Separately -->
  <testcase classname="com.framework.TestCases.TestCases" name="Verify_User_Can_Give_The_A_Reason_Why_They_Selected_Up_Thumb" time="0.0">
    <ignored/>
  </testcase> <!-- Verify_User_Can_Give_The_A_Reason_Why_They_Selected_Up_Thumb -->
  <testcase classname="com.framework.TestCases.TestCases" name="Verify_That_Help_Page_Contain_Multiple_Fields" time="0.0">
    <ignored/>
  </testcase> <!-- Verify_That_Help_Page_Contain_Multiple_Fields -->
  <testcase classname="com.framework.TestCases.TestCases" name="Verify_That_Data_Connectors_Card_Is_Not_Dispay_inside_The_Files_Card" time="0.0">
    <ignored/>
  </testcase> <!-- Verify_That_Data_Connectors_Card_Is_Not_Dispay_inside_The_Files_Card -->
  <testcase classname="com.framework.TestCases.TestCases" name="Verify_Answer_Appear_From_SEC_filing_In_Documented_Date_Format" time="0.0">
    <ignored/>
  </testcase> <!-- Verify_Answer_Appear_From_SEC_filing_In_Documented_Date_Format -->
  <testcase classname="com.framework.TestCases.TestCases" name="Verify_Text_Relevant_Results_Show_Up" time="0.0">
    <ignored/>
  </testcase> <!-- Verify_Text_Relevant_Results_Show_Up -->
  <testcase classname="com.framework.TestCases.TestCases" name="Verify_That_Suggestions_Is_Appearing_When_User_Aksed_Queary" time="0.0">
    <ignored/>
  </testcase> <!-- Verify_That_Suggestions_Is_Appearing_When_User_Aksed_Queary -->
  <testcase classname="com.framework.TestCases.TestCases" name="Verify_Response_Box_Is_Not_Glowing_When_Reponse_Is_Zero_In_Hubbell" time="0.0">
    <ignored/>
  </testcase> <!-- Verify_Response_Box_Is_Not_Glowing_When_Reponse_Is_Zero_In_Hubbell -->
  <testcase classname="com.framework.TestCases.TestCases" name="Verify_The_Resolution_Of_The_Login_Page" time="0.0">
    <ignored/>
  </testcase> <!-- Verify_The_Resolution_Of_The_Login_Page -->
  <testcase classname="com.framework.TestCases.TestCases" name="Verify_Successfully_Saving_A_Response_With_Thumbs_Up_And_Down" time="0.0">
    <ignored/>
  </testcase> <!-- Verify_Successfully_Saving_A_Response_With_Thumbs_Up_And_Down -->
  <testcase classname="com.framework.TestCases.TestCases" name="Verify_That_There_Is_Space_Available_Between_Password_Field_and_Forgot_Password_Option" time="0.0">
    <ignored/>
  </testcase> <!-- Verify_That_There_Is_Space_Available_Between_Password_Field_and_Forgot_Password_Option -->
  <testcase classname="com.framework.TestCases.TestCases" name="Verify_That_Small_Medium_Large_Toggle_Button_Is_Working" time="0.0">
    <ignored/>
  </testcase> <!-- Verify_That_Small_Medium_Large_Toggle_Button_Is_Working -->
  <testcase classname="com.framework.TestCases.TestCases" name="Verify_That_Graph_Data_is_Showing" time="0.0">
    <ignored/>
  </testcase> <!-- Verify_That_Graph_Data_is_Showing -->
  <testcase classname="com.framework.TestCases.TestCases" name="Verify_Upvote_Counting_Is_Appear_When_Users_Click_On_The_Upvote_Icon" time="0.0">
    <ignored/>
  </testcase> <!-- Verify_Upvote_Counting_Is_Appear_When_Users_Click_On_The_Upvote_Icon -->
  <testcase classname="com.framework.TestCases.TestCases" name="Verify_Understanding_Questions_For_Precise_Results" time="0.0">
    <ignored/>
  </testcase> <!-- Verify_Understanding_Questions_For_Precise_Results -->
  <testcase classname="com.framework.TestCases.TestCases" name="Verify_That_Audit_And_Decision_Fields_Collapsed_By_Default_On_Page_Refresh" time="0.0">
    <ignored/>
  </testcase> <!-- Verify_That_Audit_And_Decision_Fields_Collapsed_By_Default_On_Page_Refresh -->
  <testcase classname="com.framework.TestCases.TestCases" name="Verify_Three_Different_Suggestions_Catagories_Is_Display_Inside_The_Search_Bar" time="0.0">
    <ignored/>
  </testcase> <!-- Verify_Three_Different_Suggestions_Catagories_Is_Display_Inside_The_Search_Bar -->
  <testcase classname="com.framework.TestCases.TestCases" name="Verify_All_Required_Upload_Files_Options_Appears" time="0.0">
    <ignored/>
  </testcase> <!-- Verify_All_Required_Upload_Files_Options_Appears -->
  <testcase classname="com.framework.TestCases.TestCases" name="Verify_Topic_Are_Disappear_When_Other_Avatars_Were_Selected" time="0.0">
    <ignored/>
  </testcase> <!-- Verify_Topic_Are_Disappear_When_Other_Avatars_Were_Selected -->
  <testcase classname="com.framework.TestCases.TestCases" name="Verify_The_Company_Name_Of_The_Bank_Is_Display" time="0.0">
    <ignored/>
  </testcase> <!-- Verify_The_Company_Name_Of_The_Bank_Is_Display -->
  <testcase classname="com.framework.TestCases.TestCases" name="Verify_All_Required_Email_File_Options_Appears" time="0.0">
    <ignored/>
  </testcase> <!-- Verify_All_Required_Email_File_Options_Appears -->
  <testcase classname="com.framework.TestCases.TestCases" name="Verify_Logo_Appears_In_The_Each_Navigation_Page_Of_The_Website" time="0.0">
    <ignored/>
  </testcase> <!-- Verify_Logo_Appears_In_The_Each_Navigation_Page_Of_The_Website -->
  <testcase classname="com.framework.TestCases.TestCases" name="Verify_All_Required_Web_Sites_Options_Appears" time="0.0">
    <ignored/>
  </testcase> <!-- Verify_All_Required_Web_Sites_Options_Appears -->
  <testcase classname="com.framework.TestCases.TestCases" name="Verify_Information_Are_Same_Of_Active_Knowledge_And_Knowledge_Gaps" time="0.0">
    <ignored/>
  </testcase> <!-- Verify_Information_Are_Same_Of_Active_Knowledge_And_Knowledge_Gaps -->
  <testcase classname="com.framework.TestCases.TestCases" name="Verify_User_Can_Answered_The_Question_And_That_Question_Moved_To_Answered_Tab" time="0.0">
    <ignored/>
  </testcase> <!-- Verify_User_Can_Answered_The_Question_And_That_Question_Moved_To_Answered_Tab -->
  <testcase classname="com.framework.TestCases.TestCases" name="Verify_Summary_And_Answer_Is_Highlighting_On_The_Result_Page" time="0.0">
    <ignored/>
  </testcase> <!-- Verify_Summary_And_Answer_Is_Highlighting_On_The_Result_Page -->
  <testcase classname="com.framework.TestCases.TestCases" name="Verify_If_Both_Fields_Are_Blank" time="0.0">
    <ignored/>
  </testcase> <!-- Verify_If_Both_Fields_Are_Blank -->
  <testcase classname="com.framework.TestCases.TestCases" name="Verify_That_Result_Page_Summary_Contain_Relevant_Passage" time="0.0">
    <ignored/>
  </testcase> <!-- Verify_That_Result_Page_Summary_Contain_Relevant_Passage -->
  <testcase classname="com.framework.TestCases.TestCases" name="Verify_Shorted_Option_Not_Change_Until_Changed_Again" time="0.0">
    <ignored/>
  </testcase> <!-- Verify_Shorted_Option_Not_Change_Until_Changed_Again -->
  <testcase classname="com.framework.TestCases.TestCases" name="Verify_Recommended_Topic_And_Other_Suggested_Option_Would_be_Change_When_Switch_Other_Avatar" time="0.0">
    <ignored/>
  </testcase> <!-- Verify_Recommended_Topic_And_Other_Suggested_Option_Would_be_Change_When_Switch_Other_Avatar -->
  <testcase classname="com.framework.TestCases.TestCases" name="Verify_That_Assign_By_And_Assign_To_Field_Updated_When_User_Assign_To_Other" time="0.0">
    <ignored/>
  </testcase> <!-- Verify_That_Assign_By_And_Assign_To_Field_Updated_When_User_Assign_To_Other -->
  <testcase classname="com.framework.TestCases.TestCases" name="Verify_The_Top_Passages_Are_Relevant_Of_The_Question" time="0.0">
    <ignored/>
  </testcase> <!-- Verify_The_Top_Passages_Are_Relevant_Of_The_Question -->
  <testcase classname="com.framework.TestCases.TestCases" name="Verify_That_Files_Can_Be_Associate_With_Avatar" time="0.0">
    <ignored/>
  </testcase> <!-- Verify_That_Files_Can_Be_Associate_With_Avatar -->
  <testcase classname="com.framework.TestCases.TestCases" name="Verify_Answer_Is_Appearing_Table_Screenshots_Format_Instead_Of_Formateed_Text" time="0.0">
    <ignored/>
  </testcase> <!-- Verify_Answer_Is_Appearing_Table_Screenshots_Format_Instead_Of_Formateed_Text -->
  <testcase classname="com.framework.TestCases.TestCases" name="Verify_Forgot_Password_Link" time="0.0">
    <ignored/>
  </testcase> <!-- Verify_Forgot_Password_Link -->
  <testcase classname="com.framework.TestCases.TestCases" name="Verify_Summary_Is_Generated_When_User_Asked_Question_From_Home_Tab" time="0.0">
    <ignored/>
  </testcase> <!-- Verify_Summary_Is_Generated_When_User_Asked_Question_From_Home_Tab -->
  <testcase classname="com.framework.TestCases.TestCases" name="Verify_That_Google_Drive_Account_Added_Successfully" time="0.0">
    <ignored/>
  </testcase> <!-- Verify_That_Google_Drive_Account_Added_Successfully -->
  <testcase classname="com.framework.TestCases.TestCases" name="Verify_That_Latest_Update_Menu_Option_Is_Last_Option_Of_Navbar" time="0.0">
    <ignored/>
  </testcase> <!-- Verify_That_Latest_Update_Menu_Option_Is_Last_Option_Of_Navbar -->
  <testcase classname="com.framework.TestCases.TestCases" name="Verify_That_Nesh_Bubble_Text_Show_Different_For_Normal_Question_And_Low_Confidence_Qustion" time="0.0">
    <ignored/>
  </testcase> <!-- Verify_That_Nesh_Bubble_Text_Show_Different_For_Normal_Question_And_Low_Confidence_Qustion -->
  <testcase classname="com.framework.TestCases.TestCases" name="Verify_That_Avatar_Name_Is_Display_In_Camel_Case_Word" time="0.0">
    <ignored/>
  </testcase> <!-- Verify_That_Avatar_Name_Is_Display_In_Camel_Case_Word -->
  <testcase classname="com.framework.TestCases.TestCases" name="Verify_That_Knowledge_Analytics_Page_Is_Working" time="0.0">
    <ignored/>
  </testcase> <!-- Verify_That_Knowledge_Analytics_Page_Is_Working -->
  <testcase classname="com.framework.TestCases.TestCases" name="Verify_All_Required_Files_Options_Appears" time="0.0">
    <ignored/>
  </testcase> <!-- Verify_All_Required_Files_Options_Appears -->
  <testcase classname="com.framework.TestCases.TestCases" name="Verify_Downvoted_Question_Is_Display_in_Avatar_Channels_Under_Knowledge_Analytics" time="0.0">
    <ignored/>
  </testcase> <!-- Verify_Downvoted_Question_Is_Display_in_Avatar_Channels_Under_Knowledge_Analytics -->
  <testcase classname="com.framework.TestCases.TestCases" name="Verify_HTML_Tags_Are_Not_Display_In_The_Summary" time="0.0">
    <ignored/>
  </testcase> <!-- Verify_HTML_Tags_Are_Not_Display_In_The_Summary -->
  <testcase classname="com.framework.TestCases.TestCases" name="Verify_Connect_Share_point_Account_Option" time="0.0">
    <ignored/>
  </testcase> <!-- Verify_Connect_Share_point_Account_Option -->
  <testcase classname="com.framework.TestCases.TestCases" name="Verify_That_Files_Are_Conect_imedently_Which_Size_Is_Lessthan_5_KB" time="0.0">
    <ignored/>
  </testcase> <!-- Verify_That_Files_Are_Conect_imedently_Which_Size_Is_Lessthan_5_KB -->
  <testcase classname="com.framework.TestCases.TestCases" name="Verify_That_Blank_Cell_Not_Available_In_The_Popular_Questions_And_My_Questions_Section" time="0.0">
    <ignored/>
  </testcase> <!-- Verify_That_Blank_Cell_Not_Available_In_The_Popular_Questions_And_My_Questions_Section -->
  <testcase classname="com.framework.TestCases.TestCases" name="Verify_All_Required_Blob_Storage_Options_Appears" time="0.0">
    <ignored/>
  </testcase> <!-- Verify_All_Required_Blob_Storage_Options_Appears -->
  <testcase classname="com.framework.TestCases.TestCases" name="Verify_All_Required_Field_Appears_On_Sign_Up_Page" time="0.0">
    <ignored/>
  </testcase> <!-- Verify_All_Required_Field_Appears_On_Sign_Up_Page -->
  <testcase classname="com.framework.TestCases.TestCases" name="Verify_Better_Understanding_Of_Questions_For_Better_Results" time="0.0">
    <ignored/>
  </testcase> <!-- Verify_Better_Understanding_Of_Questions_For_Better_Results -->
  <testcase classname="com.framework.TestCases.TestCases" name="Verify_That_User_Able_To_Expend_Audit_And_Decision_Fields" time="0.0">
    <ignored/>
  </testcase> <!-- Verify_That_User_Able_To_Expend_Audit_And_Decision_Fields -->
  <testcase classname="com.framework.TestCases.TestCases" name="Verify_If_Password_Field_Is_Blank" time="0.0">
    <ignored/>
  </testcase> <!-- Verify_If_Password_Field_Is_Blank -->
  <testcase classname="com.framework.TestCases.TestCases" name="Verify_Response_Box_Is_Not_Glowing_When_Reponse_Is_Zero" time="0.0">
    <ignored/>
  </testcase> <!-- Verify_Response_Box_Is_Not_Glowing_When_Reponse_Is_Zero -->
  <testcase classname="com.framework.TestCases.TestCases" name="Verify_Passages_Are_Change_When_Other_Avatars_Were_Selected" time="0.0">
    <ignored/>
  </testcase> <!-- Verify_Passages_Are_Change_When_Other_Avatars_Were_Selected -->
  <testcase classname="com.framework.TestCases.TestCases" name="Verify_The_Summary_Is_Not_Regenrating_Of_The_Answer" time="0.0">
    <ignored/>
  </testcase> <!-- Verify_The_Summary_Is_Not_Regenrating_Of_The_Answer -->
  <testcase classname="com.framework.TestCases.TestCases" name="Reapplying_Filters_On_A_Filtered_Answer" time="0.0">
    <ignored/>
  </testcase> <!-- Reapplying_Filters_On_A_Filtered_Answer -->
  <testcase classname="com.framework.TestCases.TestCases" name="Verify_That_Answer_Are_Changing_When_Filter_Applied" time="0.0">
    <ignored/>
  </testcase> <!-- Verify_That_Answer_Are_Changing_When_Filter_Applied -->
  <testcase classname="com.framework.TestCases.TestCases" name="Verify_That_Job_Title_And_Business_Unit_Fields_Are_Available_On_Sign_Up_Page" time="0.0">
    <ignored/>
  </testcase> <!-- Verify_That_Job_Title_And_Business_Unit_Fields_Are_Available_On_Sign_Up_Page -->
  <testcase classname="com.framework.TestCases.TestCases" name="Verify_Email_Files_Option" time="0.0">
    <ignored/>
  </testcase> <!-- Verify_Email_Files_Option -->
  <testcase classname="com.framework.TestCases.TestCases" name="Verify_That_Market_Research_Option_Is_Present_On_Both_Avatar_Selection_Page_And_Home_Page" time="0.0">
    <ignored/>
  </testcase> <!-- Verify_That_Market_Research_Option_Is_Present_On_Both_Avatar_Selection_Page_And_Home_Page -->
  <testcase classname="com.framework.TestCases.TestCases" name="Hubbell_Validate_Top_Answer" time="0.0">
    <ignored/>
  </testcase> <!-- Hubbell_Validate_Top_Answer -->
  <testcase classname="com.framework.TestCases.TestCases" name="Verify_That_Clicking_Between_Questions_Do_Not_Close_The_Search_Bar" time="0.0">
    <ignored/>
  </testcase> <!-- Verify_That_Clicking_Between_Questions_Do_Not_Close_The_Search_Bar -->
  <testcase classname="com.framework.TestCases.TestCases" name="Verify_That_When_User_Voted_The_Answer_Then_Vote_Thumb_Is_Not_Display" time="0.0">
    <ignored/>
  </testcase> <!-- Verify_That_When_User_Voted_The_Answer_Then_Vote_Thumb_Is_Not_Display -->
  <testcase classname="com.framework.TestCases.TestCases" name="Verify_That_Top_Passege_Is_Coming_From_Google_Drive_Data_Connector" time="0.0">
    <ignored/>
  </testcase> <!-- Verify_That_Top_Passege_Is_Coming_From_Google_Drive_Data_Connector -->
  <testcase classname="com.framework.TestCases.TestCases" name="Verify_Knowledge_Gap_Percentage_Is_Visible" time="0.0">
    <ignored/>
  </testcase> <!-- Verify_Knowledge_Gap_Percentage_Is_Visible -->
  <testcase classname="com.framework.TestCases.TestCases" name="Verify_That_Images_And_Tables_Is_Not_Display_At_The_Top" time="0.0">
    <ignored/>
  </testcase> <!-- Verify_That_Images_And_Tables_Is_Not_Display_At_The_Top -->
  <testcase classname="com.framework.TestCases.TestCases" name="Verify_That_User_Is_Able_To_Login_With_SSO_Account" time="0.0">
    <ignored/>
  </testcase> <!-- Verify_That_User_Is_Able_To_Login_With_SSO_Account -->
  <testcase classname="com.framework.TestCases.TestCases" name="Verify_That_Meta_Data_Is_Display_Of_Query" time="0.0">
    <ignored/>
  </testcase> <!-- Verify_That_Meta_Data_Is_Display_Of_Query -->
  <testcase classname="com.framework.TestCases.TestCases" name="Verify_Generated_Answers_Hold_Are_Passages_Tables_And_Images_Together" time="0.0">
    <ignored/>
  </testcase> <!-- Verify_Generated_Answers_Hold_Are_Passages_Tables_And_Images_Together -->
  <testcase classname="com.framework.TestCases.TestCases" name="Verify_Answer_Is_Appearing_From_BTU_For_Factset_User" time="0.0">
    <ignored/>
  </testcase> <!-- Verify_Answer_Is_Appearing_From_BTU_For_Factset_User -->
  <testcase classname="com.framework.TestCases.TestCases" name="Verify_That_Request_Access_Is_Sending_On_Email" time="0.0">
    <ignored/>
  </testcase> <!-- Verify_That_Request_Access_Is_Sending_On_Email -->
  <testcase classname="com.framework.TestCases.TestCases" name="Verify_That_Old_Filter_Feature_Is_Available" time="0.0">
    <ignored/>
  </testcase> <!-- Verify_That_Old_Filter_Feature_Is_Available -->
  <testcase classname="com.framework.TestCases.TestCases" name="Verify_The_Answer_Obtained_From_The_Document" time="0.0">
    <ignored/>
  </testcase> <!-- Verify_The_Answer_Obtained_From_The_Document -->
  <testcase classname="com.framework.TestCases.TestCases" name="Verify_That_Pagination_is_Working_On_WebSite_Page" time="0.0">
    <ignored/>
  </testcase> <!-- Verify_That_Pagination_is_Working_On_WebSite_Page -->
  <testcase classname="com.framework.TestCases.TestCases" name="Verify_Newest_Answer_Is_Appear_At_The_Top_In_The_List" time="0.0">
    <ignored/>
  </testcase> <!-- Verify_Newest_Answer_Is_Appear_At_The_Top_In_The_List -->
  <testcase classname="com.framework.TestCases.TestCases" name="Verify_Knowledge_Analytics_Title_is_Display_On_Top_Of_The_Knowledge_Analytics_Page" time="0.0">
    <ignored/>
  </testcase> <!-- Verify_Knowledge_Analytics_Title_is_Display_On_Top_Of_The_Knowledge_Analytics_Page -->
  <testcase classname="com.framework.TestCases.TestCases" name="Verify_Duplicate_Images_Are_Not_Available" time="0.0">
    <ignored/>
  </testcase> <!-- Verify_Duplicate_Images_Are_Not_Available -->
  <testcase classname="com.framework.TestCases.TestCases" name="Verify_Channels_And_Users_Are_Visible_In_Knowledge_Gaps_Section" time="0.0">
    <ignored/>
  </testcase> <!-- Verify_Channels_And_Users_Are_Visible_In_Knowledge_Gaps_Section -->
  <testcase classname="com.framework.TestCases.TestCases" name="Verify_Upload_FAQs_Option" time="0.0">
    <ignored/>
  </testcase> <!-- Verify_Upload_FAQs_Option -->
  <testcase classname="com.framework.TestCases.TestCases" name="Verify_Understanding_Questions" time="0.0">
    <ignored/>
  </testcase> <!-- Verify_Understanding_Questions -->
  <testcase classname="com.framework.TestCases.TestCases" name="Verify_By_Myself_Option_Is_Migrate_To_Question_Answer_Page" time="0.0">
    <ignored/>
  </testcase> <!-- Verify_By_Myself_Option_Is_Migrate_To_Question_Answer_Page -->
  <testcase classname="com.framework.TestCases.TestCases" name="Verify_Tab_Button_Is_Used_To_Nevigate_To_Next_Field" time="0.0">
    <ignored/>
  </testcase> <!-- Verify_Tab_Button_Is_Used_To_Nevigate_To_Next_Field -->
  <testcase classname="com.framework.TestCases.TestCases" name="Verify_That_Uploaded_File_Can_Be_Associated" time="0.0">
    <ignored/>
  </testcase> <!-- Verify_That_Uploaded_File_Can_Be_Associated -->
  <testcase classname="com.framework.TestCases.TestCases" name="Verify_That_Create_Avatar_Button_Is_Display_At_The_Avatar_Page" time="0.0">
    <ignored/>
  </testcase> <!-- Verify_That_Create_Avatar_Button_Is_Display_At_The_Avatar_Page -->
  <testcase classname="com.framework.TestCases.TestCases" name="Verify_That_Audit_Report_Is_Generating_For_Questions_On_The_Search_Result_Page" time="0.0">
    <ignored/>
  </testcase> <!-- Verify_That_Audit_Report_Is_Generating_For_Questions_On_The_Search_Result_Page -->
  <testcase classname="com.framework.TestCases.TestCases" name="Verify_Content_Not_Extracted_Under_Market_Research_From_The_New_Data_Uploaded" time="0.0">
    <ignored/>
  </testcase> <!-- Verify_Content_Not_Extracted_Under_Market_Research_From_The_New_Data_Uploaded -->
  <testcase classname="com.framework.TestCases.TestCases" name="Verify_User_Can_Answer_That_Question_Assigned_To_Them" time="0.0">
    <ignored/>
  </testcase> <!-- Verify_User_Can_Answer_That_Question_Assigned_To_Them -->
  <testcase classname="com.framework.TestCases.TestCases" name="Verify_Relevant_Response_Summary_Is_Display" time="0.0">
    <ignored/>
  </testcase> <!-- Verify_Relevant_Response_Summary_Is_Display -->
  <testcase classname="com.framework.TestCases.TestCases" name="Verify_Recommended_Topics_Passages_Are_Appearing_After_Searching_Results" time="0.0">
    <ignored/>
  </testcase> <!-- Verify_Recommended_Topics_Passages_Are_Appearing_After_Searching_Results -->
  <testcase classname="com.framework.TestCases.TestCases" name="Verify_User_Can_See_Only_Expert_Name_When_Question_Assign_To_Another" time="0.0">
    <ignored/>
  </testcase> <!-- Verify_User_Can_See_Only_Expert_Name_When_Question_Assign_To_Another -->
  <testcase classname="com.framework.TestCases.TestCases" name="Verify_Generated_Top_Answer_Appearing_From_Related_Latest_Upload_Document" time="0.0">
    <ignored/>
  </testcase> <!-- Verify_Generated_Top_Answer_Appearing_From_Related_Latest_Upload_Document -->
  <testcase classname="com.framework.TestCases.TestCases" name="Verify_Response_Of_The_Market_Research_Channel" time="0.0">
    <ignored/>
  </testcase> <!-- Verify_Response_Of_The_Market_Research_Channel -->
  <testcase classname="com.framework.TestCases.TestCases" name="Verify_User_IS_Able_To_Connect_Web_Site" time="0.0">
    <ignored/>
  </testcase> <!-- Verify_User_IS_Able_To_Connect_Web_Site -->
  <testcase classname="com.framework.TestCases.TestCases" name="Verify_Answer_Appear_From_Investor_Presentation_Text_In_The_Text_Tab_UI" time="0.0">
    <ignored/>
  </testcase> <!-- Verify_Answer_Appear_From_Investor_Presentation_Text_In_The_Text_Tab_UI -->
  <testcase classname="com.framework.TestCases.TestCases" name="Verify_That_File_Summary_Is_Display" time="0.0">
    <ignored/>
  </testcase> <!-- Verify_That_File_Summary_Is_Display -->
  <testcase classname="com.framework.TestCases.TestCases" name="Verify_User_Can_Select_The_A_Reason_Why_They_Selected_Up_Thumb" time="0.0">
    <ignored/>
  </testcase> <!-- Verify_User_Can_Select_The_A_Reason_Why_They_Selected_Up_Thumb -->
  <testcase classname="com.framework.TestCases.TestCases" name="Verify_That_Avatar_Page_Is_Not_Showing_When_Refresh_The_Avatar_Page" time="0.0">
    <ignored/>
  </testcase> <!-- Verify_That_Avatar_Page_Is_Not_Showing_When_Refresh_The_Avatar_Page -->
  <testcase classname="com.framework.TestCases.TestCases" name="Verify_Shorted_Group_by_Sentiments_Answers_Are_Appear" time="0.0">
    <ignored/>
  </testcase> <!-- Verify_Shorted_Group_by_Sentiments_Answers_Are_Appear -->
  <testcase classname="com.framework.TestCases.TestCases" name="Verify_Upload_Email_Button_Option" time="0.0">
    <ignored/>
  </testcase> <!-- Verify_Upload_Email_Button_Option -->
  <testcase classname="com.framework.TestCases.TestCases" name="Verify_Audit_Option_Is_Off_When_Deselect_It" time="0.0">
    <ignored/>
  </testcase> <!-- Verify_Audit_Option_Is_Off_When_Deselect_It -->
  <testcase classname="com.framework.TestCases.TestCases" name="Verify_Upload_File_Button_Option" time="0.0">
    <ignored/>
  </testcase> <!-- Verify_Upload_File_Button_Option -->
  <testcase classname="com.framework.TestCases.TestCases" name="Verify_Other_Themes_And_NER_Tags_Are_Appear_Inside_Recommanded_Topic" time="0.0">
    <ignored/>
  </testcase> <!-- Verify_Other_Themes_And_NER_Tags_Are_Appear_Inside_Recommanded_Topic -->
  <testcase classname="com.framework.TestCases.TestCases" name="Verify_That_Recommanded_Topics_Generated_When_User_Ask_Any_Question" time="0.0">
    <ignored/>
  </testcase> <!-- Verify_That_Recommanded_Topics_Generated_When_User_Ask_Any_Question -->
  <testcase classname="com.framework.TestCases.TestCases" name="Verify_Favorites_Page_Is_Display" time="0.0">
    <ignored/>
  </testcase> <!-- Verify_Favorites_Page_Is_Display -->
  <testcase classname="com.framework.TestCases.TestCases" name="Verify_Report_A_Bug_Option" time="0.0">
    <ignored/>
  </testcase> <!-- Verify_Report_A_Bug_Option -->
  <testcase classname="com.framework.TestCases.TestCases" name="Verify_That_Text_Bubble_Is_Not_Showing_Too_Bright" time="0.0">
    <ignored/>
  </testcase> <!-- Verify_That_Text_Bubble_Is_Not_Showing_Too_Bright -->
  <testcase classname="com.framework.TestCases.TestCases" name="Verify_Upload_FAQs_Button_Option" time="0.0">
    <ignored/>
  </testcase> <!-- Verify_Upload_FAQs_Button_Option -->
  <testcase classname="com.framework.TestCases.TestCases" name="Verify_Response_Of_The_Sales_Growth_Channels" time="0.0">
    <ignored/>
  </testcase> <!-- Verify_Response_Of_The_Sales_Growth_Channels -->
  <testcase classname="com.framework.TestCases.TestCases" name="Verify_That_Summary_Is_Display_Of_Those_Top_Passages" time="0.0">
    <ignored/>
  </testcase> <!-- Verify_That_Summary_Is_Display_Of_Those_Top_Passages -->
  <testcase classname="com.framework.TestCases.TestCases" name="Verify_That_Audit_Report_Is_Generating_For_Theme_Topic_On_The_Search_Result_Page" time="0.0">
    <ignored/>
  </testcase> <!-- Verify_That_Audit_Report_Is_Generating_For_Theme_Topic_On_The_Search_Result_Page -->
  <testcase classname="com.framework.TestCases.TestCases" name="Verify_User_Is_Able_To_Switching_The_channels" time="0.0">
    <ignored/>
  </testcase> <!-- Verify_User_Is_Able_To_Switching_The_channels -->
  <testcase classname="com.framework.TestCases.TestCases" name="Verify_Data_Connectors_Option" time="0.0">
    <ignored/>
  </testcase> <!-- Verify_Data_Connectors_Option -->
  <testcase classname="com.framework.TestCases.TestCases" name="Verify_Expected_And_Relevant_Answer_For_The_Question_Appear_At_The_Top" time="0.0">
    <ignored/>
  </testcase> <!-- Verify_Expected_And_Relevant_Answer_For_The_Question_Appear_At_The_Top -->
  <testcase classname="com.framework.TestCases.TestCases" name="Verify_All_Required_Upload_FAQa_Options_Appears" time="0.0">
    <ignored/>
  </testcase> <!-- Verify_All_Required_Upload_FAQa_Options_Appears -->
  <testcase classname="com.framework.TestCases.TestCases" name="Verify_Upvoted_Answer_Appear_At_The_Top_For_Mutliple_Users_But_Answer_Is_Not_Active_For_Another_Users" time="0.0">
    <ignored/>
  </testcase> <!-- Verify_Upvoted_Answer_Appear_At_The_Top_For_Mutliple_Users_But_Answer_Is_Not_Active_For_Another_Users -->
  <testcase classname="com.framework.TestCases.TestCases" name="Verify_Answer_Are_Still_Appearing_After_Switching_All_Channels_To_Market_Research" time="0.0">
    <ignored/>
  </testcase> <!-- Verify_Answer_Are_Still_Appearing_After_Switching_All_Channels_To_Market_Research -->
  <testcase classname="com.framework.TestCases.TestCases" name="Verify_That_Registration_Fields_is_Display_in_Sequence" time="0.0">
    <ignored/>
  </testcase> <!-- Verify_That_Registration_Fields_is_Display_in_Sequence -->
  <testcase classname="com.framework.TestCases.TestCases" name="Verify_Answer_Appear_From_Investor_Presentation_In_Documented_Date_Format" time="0.0">
    <ignored/>
  </testcase> <!-- Verify_Answer_Appear_From_Investor_Presentation_In_Documented_Date_Format -->
  <testcase classname="com.framework.TestCases.TestCases" name="Verify_That_Run_Domain_Adaptation_Button_Is_Disable" time="0.0">
    <ignored/>
  </testcase> <!-- Verify_That_Run_Domain_Adaptation_Button_Is_Disable -->
  <testcase classname="com.framework.TestCases.TestCases" name="Verify_That_Expert_Answer_Is_Showing_On_The_Top_Of_Answer_Page" time="0.0">
    <ignored/>
  </testcase> <!-- Verify_That_Expert_Answer_Is_Showing_On_The_Top_Of_Answer_Page -->
  <testcase classname="com.framework.TestCases.TestCases" name="Verify_All_Topics_Are_Included_In_All_Theme_Tab" time="0.0">
    <ignored/>
  </testcase> <!-- Verify_All_Topics_Are_Included_In_All_Theme_Tab -->
  <testcase classname="com.framework.TestCases.TestCases" name="Verify_All_Required_Share_Point_Options_Appears" time="0.0">
    <ignored/>
  </testcase> <!-- Verify_All_Required_Share_Point_Options_Appears -->
  <testcase classname="com.framework.TestCases.TestCases" name="Verify_Presented_Nesh_Answers_Is_Latest_Contant" time="0.0">
    <ignored/>
  </testcase> <!-- Verify_Presented_Nesh_Answers_Is_Latest_Contant -->
  <testcase classname="com.framework.TestCases.TestCases" name="Verify_Audit_Report_Is_Displayed_On_The_Topic_Page_When_Select_It" time="0.0">
    <ignored/>
  </testcase> <!-- Verify_Audit_Report_Is_Displayed_On_The_Topic_Page_When_Select_It -->
  <testcase classname="com.framework.TestCases.TestCases" name="Verify_Topic_Page_Contains_Topic_Trend_And_Top_Passage_Heading" time="0.0">
    <ignored/>
  </testcase> <!-- Verify_Topic_Page_Contains_Topic_Trend_And_Top_Passage_Heading -->
  <testcase classname="com.framework.TestCases.TestCases" name="Verify_Answer_Is_Appearing_From_Gas_Basis_Outlook_For_Factset_User" time="0.0">
    <ignored/>
  </testcase> <!-- Verify_Answer_Is_Appearing_From_Gas_Basis_Outlook_For_Factset_User -->
  <testcase classname="com.framework.TestCases.TestCases" name="Verify_That_File_Created_Date_Filter_Option_Is_Working" time="0.0">
    <ignored/>
  </testcase> <!-- Verify_That_File_Created_Date_Filter_Option_Is_Working -->
  <testcase classname="com.framework.TestCases.TestCases" name="Verify_All_Required_Options_Appears_On_Data_Manager_Page" time="0.0">
    <ignored/>
  </testcase> <!-- Verify_All_Required_Options_Appears_On_Data_Manager_Page -->
  <testcase classname="com.framework.TestCases.TestCases" name="Verify_That_Cards_grid_Gap_Are_Equal" time="0.0">
    <ignored/>
  </testcase> <!-- Verify_That_Cards_grid_Gap_Are_Equal -->
  <testcase classname="com.framework.TestCases.TestCases" name="Verify_That_Answers_Submitted_By_The_Experts_Coming_On_Top" time="0.0">
    <ignored/>
  </testcase> <!-- Verify_That_Answers_Submitted_By_The_Experts_Coming_On_Top -->
  <testcase classname="com.framework.TestCases.TestCases" name="Verify_That_Answer_Will_Be_Changed_After_Apply_The_Filter" time="0.0">
    <ignored/>
  </testcase> <!-- Verify_That_Answer_Will_Be_Changed_After_Apply_The_Filter -->
  <testcase classname="com.framework.TestCases.TestCases" name="Verify_That_Client_Filter_Are_Working" time="0.0">
    <ignored/>
  </testcase> <!-- Verify_That_Client_Filter_Are_Working -->
  <testcase classname="com.framework.TestCases.TestCases" name="Verify_Default_Checked_On_Of_The_Filters_When_Asked_A_New_Query" time="0.0">
    <ignored/>
  </testcase> <!-- Verify_Default_Checked_On_Of_The_Filters_When_Asked_A_New_Query -->
  <testcase classname="com.framework.TestCases.TestCases" name="Verify_Market_Research_Product_Support_And_RegsAndPolicies_Channels_Cards_Are_Display_On_The_Channels_Page_Or_Knowledge_Analytics_Page" time="0.0">
    <ignored/>
  </testcase> <!-- Verify_Market_Research_Product_Support_And_RegsAndPolicies_Channels_Cards_Are_Display_On_The_Channels_Page_Or_Knowledge_Analytics_Page -->
  <testcase classname="com.framework.TestCases.TestCases" name="Verify_Audit_Report_Is_Generating_Under_Avatar_Regs_And_Policies_Channel" time="0.0">
    <ignored/>
  </testcase> <!-- Verify_Audit_Report_Is_Generating_Under_Avatar_Regs_And_Policies_Channel -->
  <testcase classname="com.framework.TestCases.TestCases" name="Verify_Understanding_Questions_For_Better_Results" time="0.0">
    <ignored/>
  </testcase> <!-- Verify_Understanding_Questions_For_Better_Results -->
  <testcase classname="com.framework.TestCases.TestCases" name="Verify_Image_Relevant_Results_Show_Up" time="0.0">
    <ignored/>
  </testcase> <!-- Verify_Image_Relevant_Results_Show_Up -->
  <testcase classname="com.framework.TestCases.TestCases" name="Verify_Two_Different_Channels_Are_Available_At_Search_Section" time="0.0">
    <ignored/>
  </testcase> <!-- Verify_Two_Different_Channels_Are_Available_At_Search_Section -->
  <testcase classname="com.framework.TestCases.TestCases" name="Verify_That_Asked_Question_Is_Not_Available_On_The_Search_Bar_When_Recommended_Topic_Is_Clicked" time="0.0">
    <ignored/>
  </testcase> <!-- Verify_That_Asked_Question_Is_Not_Available_On_The_Search_Bar_When_Recommended_Topic_Is_Clicked -->
  <testcase classname="com.framework.TestCases.TestCases" name="Verify_The_Answers_Are_Obtained_From_Oil_Market_Outlook" time="0.0">
    <ignored/>
  </testcase> <!-- Verify_The_Answers_Are_Obtained_From_Oil_Market_Outlook -->
  <testcase classname="com.framework.TestCases.TestCases" name="Verify_Admin_Is_Able_To_Add_A_New_Company" time="0.0">
    <ignored/>
  </testcase> <!-- Verify_Admin_Is_Able_To_Add_A_New_Company -->
  <testcase classname="com.framework.TestCases.TestCases" name="Verify_That_Generated_Top_Answer_Is_appearing_From_Data_Connector" time="0.0">
    <ignored/>
  </testcase> <!-- Verify_That_Generated_Top_Answer_Is_appearing_From_Data_Connector -->
  <testcase classname="com.framework.TestCases.TestCases" name="Verify_Select_Avatar_Option_Is_Display_Before_Asking_Question" time="0.0">
    <ignored/>
  </testcase> <!-- Verify_Select_Avatar_Option_Is_Display_Before_Asking_Question -->
  <testcase classname="com.framework.TestCases.TestCases" name="Verify_Enter_Key_Functionality_For_Sign_Up_Button_Works_As_A_Substitue" time="0.0">
    <ignored/>
  </testcase> <!-- Verify_Enter_Key_Functionality_For_Sign_Up_Button_Works_As_A_Substitue -->
  <testcase classname="com.framework.TestCases.TestCases" name="Verify_That_Up_Voted_Question_Is_Showing_in_The_Avatar_Channel" time="0.0">
    <ignored/>
  </testcase> <!-- Verify_That_Up_Voted_Question_Is_Showing_in_The_Avatar_Channel -->
  <testcase classname="com.framework.TestCases.TestCases" name="Verify_Banking_Channel_Are_Avaialble_Under_The_Channel_In_Factset" time="0.0">
    <ignored/>
  </testcase> <!-- Verify_Banking_Channel_Are_Avaialble_Under_The_Channel_In_Factset -->
  <testcase classname="com.framework.TestCases.TestCases" name="Verify_If_One_The_Information_Is_Filled_Wrong" time="0.0">
    <ignored/>
  </testcase> <!-- Verify_If_One_The_Information_Is_Filled_Wrong -->
  <testcase classname="com.framework.TestCases.TestCases" name="Verify_Share_Point_Option" time="0.0">
    <ignored/>
  </testcase> <!-- Verify_Share_Point_Option -->
  <testcase classname="com.framework.TestCases.TestCases" name="Verify_All_Required_Options_Appears_In_The_Help_Page" time="0.0">
    <ignored/>
  </testcase> <!-- Verify_All_Required_Options_Appears_In_The_Help_Page -->
  <testcase classname="com.framework.TestCases.TestCases" name="Verify_That_Three_Recommanded_Topics_Is_Display" time="0.0">
    <ignored/>
  </testcase> <!-- Verify_That_Three_Recommanded_Topics_Is_Display -->
  <testcase classname="com.framework.TestCases.TestCases" name="Verify_That_Expert_Can_Answer_That_Question_By_Himself" time="0.0">
    <ignored/>
  </testcase> <!-- Verify_That_Expert_Can_Answer_That_Question_By_Himself -->
  <testcase classname="com.framework.TestCases.TestCases" name="Verify_That_The_Nesh_User_Is_Able_To_Remove_Files_From_Uploaded_File" time="0.0">
    <ignored/>
  </testcase> <!-- Verify_That_The_Nesh_User_Is_Able_To_Remove_Files_From_Uploaded_File -->
  <testcase classname="com.framework.TestCases.TestCases" name="Verify_Answer_Appear_From_SEC_Filing_Text_In_The_Text_Tab_UI" time="0.0">
    <ignored/>
  </testcase> <!-- Verify_Answer_Appear_From_SEC_Filing_Text_In_The_Text_Tab_UI -->
  <testcase classname="com.framework.TestCases.TestCases" name="Verify_If_User_Submits_The_Answer_To_The_Question_Then_Question_Appear_In_The_Answered_Tab" time="0.0">
    <ignored/>
  </testcase> <!-- Verify_If_User_Submits_The_Answer_To_The_Question_Then_Question_Appear_In_The_Answered_Tab -->
  <testcase classname="com.framework.TestCases.TestCases" name="Verify_If_Password_Is_Wrong_And_Username_Is_Correct" time="0.0">
    <ignored/>
  </testcase> <!-- Verify_If_Password_Is_Wrong_And_Username_Is_Correct -->
  <testcase classname="com.framework.TestCases.TestCases" name="Verify_Audit_Report_Is_Generating_Under_Avatar_Product_Support_Channel" time="0.0">
    <ignored/>
  </testcase> <!-- Verify_Audit_Report_Is_Generating_Under_Avatar_Product_Support_Channel -->
  <testcase classname="com.framework.TestCases.TestCases" name="Verify_Upvote_Count_Is_Visible_Next_To_The_Upvote_Arrow" time="0.0">
    <ignored/>
  </testcase> <!-- Verify_Upvote_Count_Is_Visible_Next_To_The_Upvote_Arrow -->
  <testcase classname="com.framework.TestCases.TestCases" name="Verify_That_Change_Profile_Icon_Is_Valid" time="0.0">
    <ignored/>
  </testcase> <!-- Verify_That_Change_Profile_Icon_Is_Valid -->
  <testcase classname="com.framework.TestCases.TestCases" name="Verify_Compare_All_Functionality_Appears_With_Relevance_Functionality" time="0.0">
    <ignored/>
  </testcase> <!-- Verify_Compare_All_Functionality_Appears_With_Relevance_Functionality -->
  <testcase classname="com.framework.TestCases.TestCases" name="Verify_Avatar_Selection_Page_Is_Vissible_When_User_Login_First_Time" time="0.0">
    <ignored/>
  </testcase> <!-- Verify_Avatar_Selection_Page_Is_Vissible_When_User_Login_First_Time -->
  <testcase classname="com.framework.TestCases.TestCases" name="Verify_That_Upvoted_Answer_Is_Showing_At_The_Top" time="0.0">
    <ignored/>
  </testcase> <!-- Verify_That_Upvoted_Answer_Is_Showing_At_The_Top -->
  <testcase classname="com.framework.TestCases.TestCases" name="Verify_That_Suggested_Question_Is_Coming_From_Google_Drive_Data_Connector" time="0.0">
    <ignored/>
  </testcase> <!-- Verify_That_Suggested_Question_Is_Coming_From_Google_Drive_Data_Connector -->
  <testcase classname="com.framework.TestCases.TestCases" name="Verify_Multiple_Relevant_Answer_Highlight_Display" time="0.0">
    <ignored/>
  </testcase> <!-- Verify_Multiple_Relevant_Answer_Highlight_Display -->
  <testcase classname="com.framework.TestCases.TestCases" name="Verify_All_Required_EDGAR_Options_Appears" time="0.0">
    <ignored/>
  </testcase> <!-- Verify_All_Required_EDGAR_Options_Appears -->
  <testcase classname="com.framework.TestCases.TestCases" name="Verify_The_Organization_Name_Of_The_Bank_Is_Display" time="0.0">
    <ignored/>
  </testcase> <!-- Verify_The_Organization_Name_Of_The_Bank_Is_Display -->
  <testcase classname="com.framework.TestCases.TestCases" name="Verify_That_When_User_Select_Avatar_From_Drop_Down_Associated_Section_Which_Related_Files_Are_Showning_In_Associated_Section" time="0.0">
    <ignored/>
  </testcase> <!-- Verify_That_When_User_Select_Avatar_From_Drop_Down_Associated_Section_Which_Related_Files_Are_Showning_In_Associated_Section -->
  <testcase classname="com.framework.TestCases.TestCases" name="Verify_Answer_Is_Editable" time="0.0">
    <ignored/>
  </testcase> <!-- Verify_Answer_Is_Editable -->
  <testcase classname="com.framework.TestCases.TestCases" name="Verify_The_Answers_Will_Be_Change_When_Switch_To_Sales_Avater" time="0.0">
    <ignored/>
  </testcase> <!-- Verify_The_Answers_Will_Be_Change_When_Switch_To_Sales_Avater -->
  <testcase classname="com.framework.TestCases.TestCases" name="Verify_Compare_All_Functionality_Appears_With_Group_By_Functionality" time="0.0">
    <ignored/>
  </testcase> <!-- Verify_Compare_All_Functionality_Appears_With_Group_By_Functionality -->
  <testcase classname="com.framework.TestCases.TestCases" name="Verify_That_Search_Bar_Option_Is_Not_Available_On_the_Data_Manager_Page" time="0.0">
    <ignored/>
  </testcase> <!-- Verify_That_Search_Bar_Option_Is_Not_Available_On_the_Data_Manager_Page -->
  <testcase classname="com.framework.TestCases.TestCases" name="Verify_That_Even_User_Skiped_Reason_Then_Also_Question_is_Up_Or_Down_Voting" time="0.0">
    <ignored/>
  </testcase> <!-- Verify_That_Even_User_Skiped_Reason_Then_Also_Question_is_Up_Or_Down_Voting -->
  <testcase classname="com.framework.TestCases.TestCases" name="Verify_Next_Button_Is_Vissible_In_1728X1117_Screen_Resolution" time="0.0">
    <ignored/>
  </testcase> <!-- Verify_Next_Button_Is_Vissible_In_1728X1117_Screen_Resolution -->
  <testcase classname="com.framework.TestCases.TestCases" name="Verify_Shorted_Relevent_Answer_Is_Display" time="0.0">
    <ignored/>
  </testcase> <!-- Verify_Shorted_Relevent_Answer_Is_Display -->
  <testcase classname="com.framework.TestCases.TestCases" name="Verify_Only_Top_Five_Answer_has_been_Vissible_When_Click_On_Hide_Answers_Link" time="0.0">
    <ignored/>
  </testcase> <!-- Verify_Only_Top_Five_Answer_has_been_Vissible_When_Click_On_Hide_Answers_Link -->
  <testcase classname="com.framework.TestCases.TestCases" name="Verify_That_Scroll_is_Still_On_Same_Topic_Card_Which_was_Clicked" time="0.0">
    <ignored/>
  </testcase> <!-- Verify_That_Scroll_is_Still_On_Same_Topic_Card_Which_was_Clicked -->
  <testcase classname="com.framework.TestCases.TestCases" name="Verify_Understanding_Questions_Using_NLU_Model" time="0.0">
    <ignored/>
  </testcase> <!-- Verify_Understanding_Questions_Using_NLU_Model -->
  <testcase classname="com.framework.TestCases.TestCases" name="Verify_That_Post_An_Expert_Button_Is_Working" time="0.0">
    <ignored/>
  </testcase> <!-- Verify_That_Post_An_Expert_Button_Is_Working -->
  <testcase classname="com.framework.TestCases.TestCases" name="Verify_That_Only_One_Image_Answer_Is_Showing_In_The_Top_Answer" time="0.0">
    <ignored/>
  </testcase> <!-- Verify_That_Only_One_Image_Answer_Is_Showing_In_The_Top_Answer -->
  <testcase classname="com.framework.TestCases.TestCases" name="Verify_That_Generated_Answers_Are_Related_To_The_Question" time="0.0">
    <ignored/>
  </testcase> <!-- Verify_That_Generated_Answers_Are_Related_To_The_Question -->
  <testcase classname="com.framework.TestCases.TestCases" name="Verify_Knowledge_Gap_Percentage_Zero_Showing_When_DownVoted_Question_Has_Been_Answered" time="0.0">
    <ignored/>
  </testcase> <!-- Verify_Knowledge_Gap_Percentage_Zero_Showing_When_DownVoted_Question_Has_Been_Answered -->
  <testcase classname="com.framework.TestCases.TestCases" name="Verify_By_Myself_Option_is_Visible" time="0.0">
    <ignored/>
  </testcase> <!-- Verify_By_Myself_Option_is_Visible -->
  <testcase classname="com.framework.TestCases.TestCases" name="Verify_That_Explore_And_Ask_And_Audit_Avatar_Colunm_Is_Display_Under_Audit_Report" time="0.0">
    <ignored/>
  </testcase> <!-- Verify_That_Explore_And_Ask_And_Audit_Avatar_Colunm_Is_Display_Under_Audit_Report -->
  <testcase classname="com.framework.TestCases.TestCases" name="Verify_SignUp_Page_Load_With_None_Of_The_Data_Into_The_Text_Field" time="0.0">
    <ignored/>
  </testcase> <!-- Verify_SignUp_Page_Load_With_None_Of_The_Data_Into_The_Text_Field -->
  <testcase classname="com.framework.TestCases.TestCases" name="Verify_That_Search_Option_is_Working_On_UploadFile_Page" time="0.0">
    <ignored/>
  </testcase> <!-- Verify_That_Search_Option_is_Working_On_UploadFile_Page -->
  <testcase classname="com.framework.TestCases.TestCases" name="Verify_Suggest_Improvement_Option" time="0.0">
    <ignored/>
  </testcase> <!-- Verify_Suggest_Improvement_Option -->
  <testcase classname="com.framework.TestCases.TestCases" name="Verify_Log_In_Link_Button" time="0.0">
    <ignored/>
  </testcase> <!-- Verify_Log_In_Link_Button -->
  <testcase classname="com.framework.TestCases.TestCases" name="Verify_First_Letter_Is_Capital_Of_Topic" time="0.0">
    <ignored/>
  </testcase> <!-- Verify_First_Letter_Is_Capital_Of_Topic -->
  <testcase classname="com.framework.TestCases.TestCases" name="Verify_Result_Is_Appearing_From_Long_Term_Gas_Outlook" time="0.0">
    <ignored/>
  </testcase> <!-- Verify_Result_Is_Appearing_From_Long_Term_Gas_Outlook -->
  <testcase classname="com.framework.TestCases.TestCases" name="Verify_That_Post_To_Expert_Button_Is_Clickable" time="0.0">
    <ignored/>
  </testcase> <!-- Verify_That_Post_To_Expert_Button_Is_Clickable -->
  <testcase classname="com.framework.TestCases.TestCases" name="Verify_That_Generated_Summary_Contain_Key_Extractions_Of_Passages" time="0.0">
    <ignored/>
  </testcase> <!-- Verify_That_Generated_Summary_Contain_Key_Extractions_Of_Passages -->
  <testcase classname="com.framework.TestCases.TestCases" name="Verify_That_Audit_Avatar_Option_Is_Not_Available_In_The_Avatar_Picker_Page" time="0.0">
    <ignored/>
  </testcase> <!-- Verify_That_Audit_Avatar_Option_Is_Not_Available_In_The_Avatar_Picker_Page -->
  <testcase classname="com.framework.TestCases.TestCases" name="Verify_Filtering_Query_Results_Using_Organization" time="0.0">
    <ignored/>
  </testcase> <!-- Verify_Filtering_Query_Results_Using_Organization -->
  <testcase classname="com.framework.TestCases.TestCases" name="Verify_Summary_Of_Answer_Is_Appear" time="0.0">
    <ignored/>
  </testcase> <!-- Verify_Summary_Of_Answer_Is_Appear -->
  <testcase classname="com.framework.TestCases.TestCases" name="Verify_The_Login_Page_Works_With_Valid_Credentails" time="0.0">
    <ignored/>
  </testcase> <!-- Verify_The_Login_Page_Works_With_Valid_Credentails -->
  <testcase classname="com.framework.TestCases.TestCases" name="Verify_Top_Five_Answer_Is_Display_In_The_Search_Result_Page" time="0.0">
    <ignored/>
  </testcase> <!-- Verify_Top_Five_Answer_Is_Display_In_The_Search_Result_Page -->
  <testcase classname="com.framework.TestCases.TestCases" name="Verify_That_Voting_Icon_Is_Not_Display_Once_User_Submits_Their_Feedback_For_Summary" time="0.0">
    <ignored/>
  </testcase> <!-- Verify_That_Voting_Icon_Is_Not_Display_Once_User_Submits_Their_Feedback_For_Summary -->
  <testcase classname="com.framework.TestCases.TestCases" name="Verify_That_Audit_Report_Option_Is_Available_on_The_Open_Extras_Panel" time="0.0">
    <ignored/>
  </testcase> <!-- Verify_That_Audit_Report_Option_Is_Available_on_The_Open_Extras_Panel -->
  <testcase classname="com.framework.TestCases.TestCases" name="Verify_That_Thumb_Up_and_Down_Feedback_option_Removed_From_Search_Result" time="0.0">
    <ignored/>
  </testcase> <!-- Verify_That_Thumb_Up_and_Down_Feedback_option_Removed_From_Search_Result -->
  <testcase classname="com.framework.TestCases.TestCases" name="Verify_Setting_And_LogOut_Options_Will_Appears" time="0.0">
    <ignored/>
  </testcase> <!-- Verify_Setting_And_LogOut_Options_Will_Appears -->
  <testcase classname="com.framework.TestCases.TestCases" name="Verify_The_Latest_And_Historical_Content_Answer_Should_Be_Appear_Of_Wroge_Asked_Question" time="0.0">
    <ignored/>
  </testcase> <!-- Verify_The_Latest_And_Historical_Content_Answer_Should_Be_Appear_Of_Wroge_Asked_Question -->
  <testcase classname="com.framework.TestCases.TestCases" name="Verify_The_Answers_Are_Obtained_From_The_Deloitte_Documents" time="0.0">
    <ignored/>
  </testcase> <!-- Verify_The_Answers_Are_Obtained_From_The_Deloitte_Documents -->
  <testcase classname="com.framework.TestCases.TestCases" name="Verify_HTML_Tags_Are_Not_Display_In_The_Topic_Page" time="0.0">
    <ignored/>
  </testcase> <!-- Verify_HTML_Tags_Are_Not_Display_In_The_Topic_Page -->
  <testcase classname="com.framework.TestCases.TestCases" name="Verify_That_Search_Option_is_Working_On_WebSite_Page" time="0.0">
    <ignored/>
  </testcase> <!-- Verify_That_Search_Option_is_Working_On_WebSite_Page -->
  <testcase classname="com.framework.TestCases.TestCases" name="Verify_That_Question_Is_Appearing_In_The_Search_Bar_When_Research_Question" time="0.0">
    <ignored/>
  </testcase> <!-- Verify_That_Question_Is_Appearing_In_The_Search_Bar_When_Research_Question -->
  <testcase classname="com.framework.TestCases.TestCases" name="Verify_That_Pagination_is_Working_On_File_Page" time="0.0">
    <ignored/>
  </testcase> <!-- Verify_That_Pagination_is_Working_On_File_Page -->
  <testcase classname="com.framework.TestCases.TestCases" name="Verify_Answers_Obtained_Are_From_BTU_Upstream_Outlook" time="0.0">
    <ignored/>
  </testcase> <!-- Verify_Answers_Obtained_Are_From_BTU_Upstream_Outlook -->
  <testcase classname="com.framework.TestCases.TestCases" name="Verify_List_Of_Questions_Are_Visible_In_The_Market_Research" time="0.0">
    <ignored/>
  </testcase> <!-- Verify_List_Of_Questions_Are_Visible_In_The_Market_Research -->
  <testcase classname="com.framework.TestCases.TestCases" name="Verify_All_Themes_Name_Is_Display" time="0.0">
    <ignored/>
  </testcase> <!-- Verify_All_Themes_Name_Is_Display -->
  <testcase classname="com.framework.TestCases.TestCases" name="Verify_That_Generated_Metadata_Result_Are_Expected_And_Correct" time="0.0">
    <ignored/>
  </testcase> <!-- Verify_That_Generated_Metadata_Result_Are_Expected_And_Correct -->
  <testcase classname="com.framework.TestCases.TestCases" name="Verify_That_Summary_Feedback_Option_Is_Appear" time="0.0">
    <ignored/>
  </testcase> <!-- Verify_That_Summary_Feedback_Option_Is_Appear -->
  <testcase classname="com.framework.TestCases.TestCases" name="Verify_Response_Box_Is_Glowing_When_Reponse_Is_Grater_Then_Zero_In_Hubbell" time="0.0">
    <ignored/>
  </testcase> <!-- Verify_Response_Box_Is_Glowing_When_Reponse_Is_Grater_Then_Zero_In_Hubbell -->
  <testcase classname="com.framework.TestCases.TestCases" name="Verify_Filtering_Query_Results_Using_Location" time="0.0">
    <ignored/>
  </testcase> <!-- Verify_Filtering_Query_Results_Using_Location -->
  <testcase classname="com.framework.TestCases.TestCases" name="Verify_That_When_User_Self_Assigned_Any_Question_Then_That_Land_On_Waiting_For_Answer_Tab" time="0.0">
    <ignored/>
  </testcase> <!-- Verify_That_When_User_Self_Assigned_Any_Question_Then_That_Land_On_Waiting_For_Answer_Tab -->
  <testcase classname="com.framework.TestCases.TestCases" name="Verify_Click_On_Search_Button" time="0.0">
    <ignored/>
  </testcase> <!-- Verify_Click_On_Search_Button -->
  <testcase classname="com.framework.TestCases.TestCases" name="Verify_All_Required_Data_Connector_Options_Appears" time="0.0">
    <ignored/>
  </testcase> <!-- Verify_All_Required_Data_Connector_Options_Appears -->
  <testcase classname="com.framework.TestCases.TestCases" name="Verify_That_User_Is_Able_To_Remove_The_File_From_Uploaded_File" time="0.0">
    <ignored/>
  </testcase> <!-- Verify_That_User_Is_Able_To_Remove_The_File_From_Uploaded_File -->
  <testcase classname="com.framework.TestCases.TestCases" name="Verify_HTML_Tags_Are_Not_Display_In_The_Audit_Report_Table_Under_Source_Passage" time="0.0">
    <ignored/>
  </testcase> <!-- Verify_HTML_Tags_Are_Not_Display_In_The_Audit_Report_Table_Under_Source_Passage -->
  <testcase classname="com.framework.TestCases.TestCases" name="Verify_The_Cursor_Will_Be_Change_On_The_Navigation_Menu" time="0.0">
    <ignored/>
  </testcase> <!-- Verify_The_Cursor_Will_Be_Change_On_The_Navigation_Menu -->
  <testcase classname="com.framework.TestCases.TestCases" name="Verify_All_Data_Connectors_is_Arranged_Alphabetically_Format_In_Data_Manager_Page" time="0.0">
    <ignored/>
  </testcase> <!-- Verify_All_Data_Connectors_is_Arranged_Alphabetically_Format_In_Data_Manager_Page -->
  <testcase classname="com.framework.TestCases.TestCases" name="Verify_That_Enter_Button_Is_Working_With_Chinook_Avatar" time="0.0">
    <ignored/>
  </testcase> <!-- Verify_That_Enter_Button_Is_Working_With_Chinook_Avatar -->
  <testcase classname="com.framework.TestCases.TestCases" name="VerifyEDGARoption" time="0.0">
    <ignored/>
  </testcase> <!-- VerifyEDGARoption -->
  <testcase classname="com.framework.TestCases.TestCases" name="Verify_All_Data_Connectors_Are_Available" time="0.0">
    <ignored/>
  </testcase> <!-- Verify_All_Data_Connectors_Are_Available -->
  <testcase classname="com.framework.TestCases.TestCases" name="Verify_Connect_EDGAR_Button_Option" time="0.0">
    <ignored/>
  </testcase> <!-- Verify_Connect_EDGAR_Button_Option -->
  <testcase classname="com.framework.TestCases.TestCases" name="Verify_That_Decision_Option_Is_Available_On_Result_Page" time="0.0">
    <ignored/>
  </testcase> <!-- Verify_That_Decision_Option_Is_Available_On_Result_Page -->
  <testcase classname="com.framework.TestCases.TestCases" name="Verify_That_The_Question_Is_Assigned_To_Selected_Expert" time="0.0">
    <ignored/>
  </testcase> <!-- Verify_That_The_Question_Is_Assigned_To_Selected_Expert -->
  <testcase classname="com.framework.TestCases.TestCases" name="Verify_That_Top_Answer_Is_Display_In_The_Text" time="0.0">
    <ignored/>
  </testcase> <!-- Verify_That_Top_Answer_Is_Display_In_The_Text -->
  <testcase classname="com.framework.TestCases.TestCases" name="Verify_Best_Answer_Is_Appear_At_The_Top_In_The_List_And_Also_Appear_Summary" time="0.0">
    <ignored/>
  </testcase> <!-- Verify_Best_Answer_Is_Appear_At_The_Top_In_The_List_And_Also_Appear_Summary -->
  <testcase classname="com.framework.TestCases.TestCases" name="Verify_That_Edit_Avatar_Option_Is_Available_In_The_Avatar_Card" time="0.0">
    <ignored/>
  </testcase> <!-- Verify_That_Edit_Avatar_Option_Is_Available_In_The_Avatar_Card -->
  <testcase classname="com.framework.TestCases.TestCases" name="Verify_Energy_Channel_Are_Avaialble_In_Factset" time="0.0">
    <ignored/>
  </testcase> <!-- Verify_Energy_Channel_Are_Avaialble_In_Factset -->
  <testcase classname="com.framework.TestCases.TestCases" name="Verify_Top_Passages_Portion_does_Have_Three_OR_More_For_That_Topic" time="0.0">
    <ignored/>
  </testcase> <!-- Verify_Top_Passages_Portion_does_Have_Three_OR_More_For_That_Topic -->
  <testcase classname="com.framework.TestCases.TestCases" name="Verify_All_Topic_Cards_Highlited_With_Purpul_Color" time="0.0">
    <ignored/>
  </testcase> <!-- Verify_All_Topic_Cards_Highlited_With_Purpul_Color -->
  <testcase classname="com.framework.TestCases.TestCases" name="Verify_Recommended_Topics_Are_Appearing_On_The_Search_Result_Page" time="0.0">
    <ignored/>
  </testcase> <!-- Verify_Recommended_Topics_Are_Appearing_On_The_Search_Result_Page -->
  <testcase classname="com.framework.TestCases.TestCases" name="Verify_That_The_User_Can_Select_Avatar_On_Expert_Page" time="0.0">
    <ignored/>
  </testcase> <!-- Verify_That_The_User_Can_Select_Avatar_On_Expert_Page -->
  <testcase classname="com.framework.TestCases.TestCases" name="Verify_Trend_Data_Is_vissible_Under_Topic_Trend" time="0.0">
    <ignored/>
  </testcase> <!-- Verify_Trend_Data_Is_vissible_Under_Topic_Trend -->
  <testcase classname="com.framework.TestCases.TestCases" name="Verify_Product_Support_Channel_Is_Vissible_And_Answers_Come_From_Relevant_Documents" time="0.0">
    <ignored/>
  </testcase> <!-- Verify_Product_Support_Channel_Is_Vissible_And_Answers_Come_From_Relevant_Documents -->
  <testcase classname="com.framework.TestCases.TestCases" name="Verify_That_Vertical_Scroll_Is_Present" time="0.0">
    <ignored/>
  </testcase> <!-- Verify_That_Vertical_Scroll_Is_Present -->
  <testcase classname="com.framework.TestCases.TestCases" name="Verify_Data_Manager_Navigation" time="0.0">
    <ignored/>
  </testcase> <!-- Verify_Data_Manager_Navigation -->
  <testcase classname="com.framework.TestCases.TestCases" name="Verify_Response_Box_Is_Not_Glowing_When_Reponse_Is_Zero_In_Factset" time="0.0">
    <ignored/>
  </testcase> <!-- Verify_Response_Box_Is_Not_Glowing_When_Reponse_Is_Zero_In_Factset -->
  <testcase classname="com.framework.TestCases.TestCases" name="Verify_That_When_User_Click_On_Back_Link_He_Still_On_That_Particular_Answer" time="0.0">
    <ignored/>
  </testcase> <!-- Verify_That_When_User_Click_On_Back_Link_He_Still_On_That_Particular_Answer -->
  <testcase classname="com.framework.TestCases.TestCases" name="Verify_That_Filter_Are_Working" time="0.0">
    <ignored/>
  </testcase> <!-- Verify_That_Filter_Are_Working -->
  <testcase classname="com.framework.TestCases.TestCases" name="Verify_If_Username_Field_Is_Blank" time="0.0">
    <ignored/>
  </testcase> <!-- Verify_If_Username_Field_Is_Blank -->
  <testcase classname="com.framework.TestCases.TestCases" name="Verify_User_Can_Give_The_A_Reason_Why_They_Selected_Down_Thumb" time="0.0">
    <ignored/>
  </testcase> <!-- Verify_User_Can_Give_The_A_Reason_Why_They_Selected_Down_Thumb -->
  <testcase classname="com.framework.TestCases.TestCases" name="Verify_All_Required_Power_Ups_Options_Appears" time="0.0">
    <ignored/>
  </testcase> <!-- Verify_All_Required_Power_Ups_Options_Appears -->
  <testcase classname="com.framework.TestCases.TestCases" name="Verify_That_Question_Is_Assigned_To_Selected_Expert" time="0.0">
    <ignored/>
  </testcase> <!-- Verify_That_Question_Is_Assigned_To_Selected_Expert -->
  <testcase classname="com.framework.TestCases.TestCases" name="Verify_That_All_Detail_Are_Showing_On_Expert_Card" time="0.0">
    <ignored/>
  </testcase> <!-- Verify_That_All_Detail_Are_Showing_On_Expert_Card -->
  <testcase classname="com.framework.TestCases.TestCases" name="Verify_Other_Answer_has_been_Vissible_When_Click_On_Show_Other_Answer_Button" time="0.0">
    <ignored/>
  </testcase> <!-- Verify_Other_Answer_has_been_Vissible_When_Click_On_Show_Other_Answer_Button -->
  <testcase classname="com.framework.TestCases.TestCases" name="Verify_That_Selected_Media_Type_Filter_Related_Answer_Is_Appearing_In_The_Search_Result_Page" time="0.0">
    <ignored/>
  </testcase> <!-- Verify_That_Selected_Media_Type_Filter_Related_Answer_Is_Appearing_In_The_Search_Result_Page -->
  <testcase classname="com.framework.TestCases.TestCases" name="Verify_That_Share_Point_Successfuly_Connected" time="0.0">
    <ignored/>
  </testcase> <!-- Verify_That_Share_Point_Successfuly_Connected -->
  <testcase classname="com.framework.TestCases.TestCases" name="Verify_Uploaded_Files_Are_Visible_In_Factset" time="0.0">
    <ignored/>
  </testcase> <!-- Verify_Uploaded_Files_Are_Visible_In_Factset -->
  <testcase classname="com.framework.TestCases.TestCases" name="Verify_Each_Basin_Have_Its_Own_Unique_Summary" time="0.0">
    <ignored/>
  </testcase> <!-- Verify_Each_Basin_Have_Its_Own_Unique_Summary -->
  <testcase classname="com.framework.TestCases.TestCases" name="Verify_Previously_Asked_Questions_Should_Populate_The_List" time="0.0">
    <ignored/>
  </testcase> <!-- Verify_Previously_Asked_Questions_Should_Populate_The_List -->
  <testcase classname="com.framework.TestCases.TestCases" name="Verify_Highlited_Text_Is_Readable" time="0.0">
    <ignored/>
  </testcase> <!-- Verify_Highlited_Text_Is_Readable -->
  <testcase classname="com.framework.TestCases.TestCases" name="Verify_Relevant_Answer_Is_Diaplay" time="0.0">
    <ignored/>
  </testcase> <!-- Verify_Relevant_Answer_Is_Diaplay -->
  <testcase classname="com.framework.TestCases.TestCases" name="Verify_Filtering_Query_Results_Using_Source_Type" time="0.0">
    <ignored/>
  </testcase> <!-- Verify_Filtering_Query_Results_Using_Source_Type -->
  <testcase classname="com.framework.TestCases.TestCases" name="Verify_Email_id_Text_field_with_Other_Special_Sign" time="0.0">
    <ignored/>
  </testcase> <!-- Verify_Email_id_Text_field_with_Other_Special_Sign -->
  <testcase classname="com.framework.TestCases.TestCases" name="Verify_That_Audit_Avatar_Option_Is_Not_Available_On_Home_Page" time="0.0">
    <ignored/>
  </testcase> <!-- Verify_That_Audit_Avatar_Option_Is_Not_Available_On_Home_Page -->
  <testcase classname="com.framework.TestCases.TestCases" name="Verify_Latest_Update_Navigation" time="0.0">
    <ignored/>
  </testcase> <!-- Verify_Latest_Update_Navigation -->
  <testcase classname="com.framework.TestCases.TestCases" name="Verify_Audit_Report_Is_Displayed_On_The_Search_Page_When_Select_It" time="0.0">
    <ignored/>
  </testcase> <!-- Verify_Audit_Report_Is_Displayed_On_The_Search_Page_When_Select_It -->
  <testcase classname="com.framework.TestCases.TestCases" name="Verify_Answer_Appear_From_Regulatory_filing_In_Documented_Date_Format" time="0.0">
    <ignored/>
  </testcase> <!-- Verify_Answer_Appear_From_Regulatory_filing_In_Documented_Date_Format -->
  <testcase classname="com.framework.TestCases.TestCases" name="Verify_User_Can_Select_The_A_Reason_Why_They_Selected_Down_Thumb" time="0.0">
    <ignored/>
  </testcase> <!-- Verify_User_Can_Select_The_A_Reason_Why_They_Selected_Down_Thumb -->
  <testcase classname="com.framework.TestCases.TestCases" name="Verify_That_Upload_File_Button_Is_Working" time="0.0">
    <ignored/>
  </testcase> <!-- Verify_That_Upload_File_Button_Is_Working -->
  <testcase classname="com.framework.TestCases.TestCases" name="Verify_Pop_Up_Appears_To_Assign_The_Question_To_Self_Or_An_Expert" time="0.0">
    <ignored/>
  </testcase> <!-- Verify_Pop_Up_Appears_To_Assign_The_Question_To_Self_Or_An_Expert -->
  <testcase classname="com.framework.TestCases.TestCases" name="Verify_Answer_Appear_From_Transcript_Text_In_Documented_Date_Format" time="0.0">
    <ignored/>
  </testcase> <!-- Verify_Answer_Appear_From_Transcript_Text_In_Documented_Date_Format -->
  <testcase classname="com.framework.TestCases.TestCases" name="Verify_Proper_Answer_is_Showing_Related_Shearched_Query" time="0.0">
    <ignored/>
  </testcase> <!-- Verify_Proper_Answer_is_Showing_Related_Shearched_Query -->
  <testcase classname="com.framework.TestCases.TestCases" name="Verify_Answer_Able_To_Be_Written_Is_Plain_Numbered_And_Bulleted_Text" time="0.0">
    <ignored/>
  </testcase> <!-- Verify_Answer_Able_To_Be_Written_Is_Plain_Numbered_And_Bulleted_Text -->
  <testcase classname="com.framework.TestCases.TestCases" name="Verify_Technical_Support_Option" time="0.0">
    <ignored/>
  </testcase> <!-- Verify_Technical_Support_Option -->
  <testcase classname="com.framework.TestCases.TestCases" name="Verify_Power_Ups_Option" time="0.0">
    <ignored/>
  </testcase> <!-- Verify_Power_Ups_Option -->
  <testcase classname="com.framework.TestCases.TestCases" name="Verify_Multiple_Relevant_Response_Highlight_Display" time="0.0">
    <ignored/>
  </testcase> <!-- Verify_Multiple_Relevant_Response_Highlight_Display -->
  <testcase classname="com.framework.TestCases.TestCases" name="Verify_That_Cancel_Button_Is_Not_Available_When_Uploading_File" time="0.0">
    <ignored/>
  </testcase> <!-- Verify_That_Cancel_Button_Is_Not_Available_When_Uploading_File -->
  <testcase classname="com.framework.TestCases.TestCases" name="Verify_All_The_Filters_Are_Checked_On_By_Default" time="0.0">
    <ignored/>
  </testcase> <!-- Verify_All_The_Filters_Are_Checked_On_By_Default -->
  <testcase classname="com.framework.TestCases.TestCases" name="Verify_That_MetaData_Returns_Expected_Date" time="0.0">
    <ignored/>
  </testcase> <!-- Verify_That_MetaData_Returns_Expected_Date -->
  <testcase classname="com.framework.TestCases.TestCases" name="Verify_Answer_Appear_From_Transcript_Text_In_The_Text_Tab_UI" time="0.0">
    <ignored/>
  </testcase> <!-- Verify_Answer_Appear_From_Transcript_Text_In_The_Text_Tab_UI -->
  <testcase classname="com.framework.TestCases.TestCases" name="Verify_That_All_Web_Site_Files_Are_Connected_And_Associated_To_An_Avatar" time="0.0">
    <ignored/>
  </testcase> <!-- Verify_That_All_Web_Site_Files_Are_Connected_And_Associated_To_An_Avatar -->
  <testcase classname="com.framework.TestCases.TestCases" name="Verify_That_Expert_Answer_Is_Showing_On_The_Search_result_Page" time="0.0">
    <ignored/>
  </testcase> <!-- Verify_That_Expert_Answer_Is_Showing_On_The_Search_result_Page -->
  <testcase classname="com.framework.TestCases.TestCases" name="Verify_All_The_Details_Of_User_Will_Appears" time="0.0">
    <ignored/>
  </testcase> <!-- Verify_All_The_Details_Of_User_Will_Appears -->
  <testcase classname="com.framework.TestCases.TestCases" name="Verify_Expert_Answer_Is_Appear_With_The_Expert_Name" time="0.0">
    <ignored/>
  </testcase> <!-- Verify_Expert_Answer_Is_Appear_With_The_Expert_Name -->
  <testcase classname="com.framework.TestCases.TestCases" name="Verify_Search_Button_Without_Entering_Any_Keyword" time="0.0">
    <ignored/>
  </testcase> <!-- Verify_Search_Button_Without_Entering_Any_Keyword -->
  <testcase classname="com.framework.TestCases.TestCases" name="Verify_User_Count_And_Thumbnails_Should_Be_Visible" time="0.0">
    <ignored/>
  </testcase> <!-- Verify_User_Count_And_Thumbnails_Should_Be_Visible -->
  <testcase classname="com.framework.TestCases.TestCases" name="Verify_Toggle_Is_Available" time="0.0">
    <ignored/>
  </testcase> <!-- Verify_Toggle_Is_Available -->
  <testcase classname="com.framework.TestCases.TestCases" name="Verify_There_Are_Three_Card_Display_Market_Research_Product_Support_And_Regs_And_Policies" time="0.0">
    <ignored/>
  </testcase> <!-- Verify_There_Are_Three_Card_Display_Market_Research_Product_Support_And_Regs_And_Policies -->
  <testcase classname="com.framework.TestCases.TestCases" name="Verify_Passages_And_Image_Tables_Are_Returned_Together_And_Ranked_In_One_List" time="0.0">
    <ignored/>
  </testcase> <!-- Verify_Passages_And_Image_Tables_Are_Returned_Together_And_Ranked_In_One_List -->
  <testcase classname="com.framework.TestCases.TestCases" name="Verify_User_is_able_To_See_and_Select_The_Question_They_Had_Like_To_Answer" time="0.0">
    <ignored/>
  </testcase> <!-- Verify_User_is_able_To_See_and_Select_The_Question_They_Had_Like_To_Answer -->
  <testcase classname="com.framework.TestCases.TestCases" name="Verify_Response_Box_Is_Glowing_When_Reponse_Is_Grater_Then_Zero" time="0.0">
    <ignored/>
  </testcase> <!-- Verify_Response_Box_Is_Glowing_When_Reponse_Is_Grater_Then_Zero -->
  <testcase classname="com.framework.TestCases.TestCases" name="Verify_The_SignUp_Button_Without_Filling_Up_Any_Data_On_The_SignUp_Page" time="0.0">
    <ignored/>
  </testcase> <!-- Verify_The_SignUp_Button_Without_Filling_Up_Any_Data_On_The_SignUp_Page -->
  <testcase classname="com.framework.TestCases.TestCases" name="Verify_There_Are_Five_Randomly_Questions_Appear_In_The_Suggested_Questions_Field" time="0.0">
    <ignored/>
  </testcase> <!-- Verify_There_Are_Five_Randomly_Questions_Appear_In_The_Suggested_Questions_Field -->
  <testcase classname="com.framework.TestCases.TestCases" name="Verify_That_Asked_Question_Is_Appering_In_My_Question_Section" time="0.0">
    <ignored/>
  </testcase> <!-- Verify_That_Asked_Question_Is_Appering_In_My_Question_Section -->
  <testcase classname="com.framework.TestCases.TestCases" name="Verify_images_expand_When_Users_Click_On_The_Card_Link" time="0.0">
    <ignored/>
  </testcase> <!-- Verify_images_expand_When_Users_Click_On_The_Card_Link -->
  <testcase classname="com.framework.TestCases.TestCases" name="Verify_Nesh_Understand_EPS_Are_Companies_And_PE_Is_Private_Equity" time="0.0">
    <ignored/>
  </testcase> <!-- Verify_Nesh_Understand_EPS_Are_Companies_And_PE_Is_Private_Equity -->
  <testcase classname="com.framework.TestCases.TestCases" name="Verify_That_When_Click_On_Show_Other_Answer_Button_Then_Its_Not_Affect_For_Other_Tab" time="0.0">
    <ignored/>
  </testcase> <!-- Verify_That_When_Click_On_Show_Other_Answer_Button_Then_Its_Not_Affect_For_Other_Tab -->
  <testcase classname="com.framework.TestCases.TestCases" name="Verify_Login_Page_Does_Not_Allowed_Accessing_Page_Without_Login_in" time="0.0">
    <ignored/>
  </testcase> <!-- Verify_Login_Page_Does_Not_Allowed_Accessing_Page_Without_Login_in -->
  <testcase classname="com.framework.TestCases.TestCases" name="Verify_Answer_Are_Still_Appearing_After_Switching_All_Channels_To_Sales_Growth" time="0.0">
    <ignored/>
  </testcase> <!-- Verify_Answer_Are_Still_Appearing_After_Switching_All_Channels_To_Sales_Growth -->
  <testcase classname="com.framework.TestCases.TestCases" name="Verify_That_Avatar_Selection_PopUp_Show_Every_Time_The_User_Login" time="0.0">
    <ignored/>
  </testcase> <!-- Verify_That_Avatar_Selection_PopUp_Show_Every_Time_The_User_Login -->
  <testcase classname="com.framework.TestCases.TestCases" name="Verify_Compare_All_Default_Functionality_Appears" time="0.0">
    <ignored/>
  </testcase> <!-- Verify_Compare_All_Default_Functionality_Appears -->
  <testcase classname="com.framework.TestCases.TestCases" name="Verify_Suggest_A_New_Feature_Option" time="0.0">
    <ignored/>
  </testcase> <!-- Verify_Suggest_A_New_Feature_Option -->
  <testcase classname="com.framework.TestCases.TestCases" name="Verify_The_Latest_And_Historical_Content_Should_Be_Appear" time="0.0">
    <ignored/>
  </testcase> <!-- Verify_The_Latest_And_Historical_Content_Should_Be_Appear -->
  <testcase classname="com.framework.TestCases.TestCases" name="Verify_That_Avatar_Selection_Is_Working" time="0.0">
    <ignored/>
  </testcase> <!-- Verify_That_Avatar_Selection_Is_Working -->
  <testcase classname="com.framework.TestCases.TestCases" name="Verify_That_Expert_Page_Have_Experts_That_Have_Trained_Nesh_Heading" time="0.0">
    <ignored/>
  </testcase> <!-- Verify_That_Expert_Page_Have_Experts_That_Have_Trained_Nesh_Heading -->
  <testcase classname="com.framework.TestCases.TestCases" name="Verify_That_Files_Are_Uploading" time="0.0">
    <ignored/>
  </testcase> <!-- Verify_That_Files_Are_Uploading -->
  <testcase classname="com.framework.TestCases.TestCases" name="Verify_That_Post_Qustion_Assigned_To_An_Expert" time="0.0">
    <ignored/>
  </testcase> <!-- Verify_That_Post_Qustion_Assigned_To_An_Expert -->
  <testcase classname="com.framework.TestCases.TestCases" name="Verify_User_Is_Able_To_Search_Answer_WithOut_Clicking_Outside_Of_The_Searchbox" time="0.0">
    <ignored/>
  </testcase> <!-- Verify_User_Is_Able_To_Search_Answer_WithOut_Clicking_Outside_Of_The_Searchbox -->
  <testcase classname="com.framework.TestCases.TestCases" name="Verify_That_User_Can_Dismiss_Feedback_Window_If_They_Choose_Not_To_Provide_Feedback_Of_Up_Thumb" time="0.0">
    <ignored/>
  </testcase> <!-- Verify_That_User_Can_Dismiss_Feedback_Window_If_They_Choose_Not_To_Provide_Feedback_Of_Up_Thumb -->
  <testcase classname="com.framework.TestCases.TestCases" name="Verify_Audit_Report_Is_Generating_Under_Avatar_Market_Research_Channel" time="0.0">
    <ignored/>
  </testcase> <!-- Verify_Audit_Report_Is_Generating_Under_Avatar_Market_Research_Channel -->
  <testcase classname="com.framework.TestCases.TestCases" name="Verify_Search_Result_Page_Is_Not_Refreshing" time="0.0">
    <ignored/>
  </testcase> <!-- Verify_Search_Result_Page_Is_Not_Refreshing -->
  <testcase classname="com.framework.TestCases.TestCases" name="Verify_Channels_And_Users_Are_Visible_In_Active_Knowledge_Section" time="0.0">
    <ignored/>
  </testcase> <!-- Verify_Channels_And_Users_Are_Visible_In_Active_Knowledge_Section -->
  <testcase classname="com.framework.TestCases.TestCases" name="Verify_Invalid_Credentials_Are_Rejected" time="0.0">
    <ignored/>
  </testcase> <!-- Verify_Invalid_Credentials_Are_Rejected -->
  <testcase classname="com.framework.TestCases.TestCases" name="Verify_Logout_Option_Work_Properly" time="0.0">
    <ignored/>
  </testcase> <!-- Verify_Logout_Option_Work_Properly -->
  <testcase classname="com.framework.TestCases.TestCases" name="Verify_That_Previous_Button_Is_Working_Of_Pagination" time="0.0">
    <ignored/>
  </testcase> <!-- Verify_That_Previous_Button_Is_Working_Of_Pagination -->
  <testcase classname="com.framework.TestCases.TestCases" name="Verify_Related_Answer_Is_Appearing_With_The_Apostrophes_Quesion" time="0.0">
    <ignored/>
  </testcase> <!-- Verify_Related_Answer_Is_Appearing_With_The_Apostrophes_Quesion -->
  <testcase classname="com.framework.TestCases.TestCases" name="Verify_That_Connect_Edgar_Feature_Is_Working" time="0.0">
    <ignored/>
  </testcase> <!-- Verify_That_Connect_Edgar_Feature_Is_Working -->
  <testcase classname="com.framework.TestCases.TestCases" name="Verify_That_All_Required_Fields_Have_A_Red_Mark" time="0.0">
    <ignored/>
  </testcase> <!-- Verify_That_All_Required_Fields_Have_A_Red_Mark -->
  <testcase classname="com.framework.TestCases.TestCases" name="Verify_Email_id_Text_Does_Not_Contains_AtTheRate_Special_Sign" time="0.0">
    <ignored/>
  </testcase> <!-- Verify_Email_id_Text_Does_Not_Contains_AtTheRate_Special_Sign -->
  <testcase classname="com.framework.TestCases.TestCases" name="Verify_NER_Tags_Is_Visible_In_The_Summary_Section" time="0.0">
    <ignored/>
  </testcase> <!-- Verify_NER_Tags_Is_Visible_In_The_Summary_Section -->
  <testcase classname="com.framework.TestCases.TestCases" name="Verify_That_Post_Question_To_An_Expert_Option_Is_Disable_When_Once_Time_Posted_Question" time="0.0">
    <ignored/>
  </testcase> <!-- Verify_That_Post_Question_To_An_Expert_Option_Is_Disable_When_Once_Time_Posted_Question -->
  <testcase classname="com.framework.TestCases.TestCases" name="Verify_Web_Sites_Option" time="0.0">
    <ignored/>
  </testcase> <!-- Verify_Web_Sites_Option -->
  <testcase classname="com.framework.TestCases.TestCases" name="Verify_Every_Occurrence_Of_The_Word_In_The_Question_Not_Highlighted_In_The_Answer" time="0.0">
    <ignored/>
  </testcase> <!-- Verify_Every_Occurrence_Of_The_Word_In_The_Question_Not_Highlighted_In_The_Answer -->
  <testcase classname="com.framework.TestCases.TestCases" name="Verify_Answer_Appear_From_SEC_Filing_In_The_Image_Format" time="0.0">
    <ignored/>
  </testcase> <!-- Verify_Answer_Appear_From_SEC_Filing_In_The_Image_Format -->
  <testcase classname="com.framework.TestCases.TestCases" name="Verify_Content_Extracted_Under_Sales_Growth_From_The_New_Data_Uploaded" time="0.0">
    <ignored/>
  </testcase> <!-- Verify_Content_Extracted_Under_Sales_Growth_From_The_New_Data_Uploaded -->
  <testcase classname="com.framework.TestCases.TestCases" name="Verify_UpVoted_Answers_Are_Appearing_At_The_Top" time="0.0">
    <ignored/>
  </testcase> <!-- Verify_UpVoted_Answers_Are_Appearing_At_The_Top -->
  <testcase classname="com.framework.TestCases.TestCases" name="Verify_Content_Extracted_Under_ALL_Option_From_New_Data_Uploaded_And_Old_Data" time="0.0">
    <ignored/>
  </testcase> <!-- Verify_Content_Extracted_Under_ALL_Option_From_New_Data_Uploaded_And_Old_Data -->
  <testcase classname="com.framework.TestCases.TestCases" name="Verify_That_Reset_Button_Is_Not_Present_On_The_Search_Result_Page" time="0.0">
    <ignored/>
  </testcase> <!-- Verify_That_Reset_Button_Is_Not_Present_On_The_Search_Result_Page -->
  <testcase classname="com.framework.TestCases.TestCases" name="Verify_That_User_User_Can_Edit_Profile" time="0.0">
    <ignored/>
  </testcase> <!-- Verify_That_User_User_Can_Edit_Profile -->
  <testcase classname="com.framework.TestCases.TestCases" name="Verify_Answers_Displayed_On_The_Screen_Should_Exactly_Match_To_The_Filter_Applied" time="0.0">
    <ignored/>
  </testcase> <!-- Verify_Answers_Displayed_On_The_Screen_Should_Exactly_Match_To_The_Filter_Applied -->
  <testcase classname="com.framework.TestCases.TestCases" name="Verify_All_Themes_Are_Still_When_Channel_Is_Changed" time="0.0">
    <ignored/>
  </testcase> <!-- Verify_All_Themes_Are_Still_When_Channel_Is_Changed -->
  <testcase classname="com.framework.TestCases.TestCases" name="Verify_Extracted_Answers_Are_Relevant_Information_in_Hubbell_Sales_Growth_Channel" time="0.0">
    <ignored/>
  </testcase> <!-- Verify_Extracted_Answers_Are_Relevant_Information_in_Hubbell_Sales_Growth_Channel -->
  <testcase classname="com.framework.TestCases.TestCases" name="Verify_The_Answer_Is_Appearing_From_Uploaded_File" time="0.0">
    <ignored/>
  </testcase> <!-- Verify_The_Answer_Is_Appearing_From_Uploaded_File -->
  <testcase classname="com.framework.TestCases.TestCases" name="Verify_Answer_Appear_From_Investor_Presentation_In_The_Image_Format" time="0.0">
    <ignored/>
  </testcase> <!-- Verify_Answer_Appear_From_Investor_Presentation_In_The_Image_Format -->
  <testcase classname="com.framework.TestCases.TestCases" name="Verify_That_File_Is_Showing_in_Folder_Are_Connecting_Section_Goes_To_Folder_Are_Connected_Section" time="0.0">
    <ignored/>
  </testcase> <!-- Verify_That_File_Is_Showing_in_Folder_Are_Connecting_Section_Goes_To_Folder_Are_Connected_Section -->
  <testcase classname="com.framework.TestCases.TestCases" name="Verify_That_Expert_Cards_Design_Are_Same" time="0.0">
    <ignored/>
  </testcase> <!-- Verify_That_Expert_Cards_Design_Are_Same -->
  <testcase classname="com.framework.TestCases.TestCases" name="Verify_That_Remove_And_Cancel_Button_Is_Not_Available_In_The_Folder" time="0.0">
    <ignored/>
  </testcase> <!-- Verify_That_Remove_And_Cancel_Button_Is_Not_Available_In_The_Folder -->
  <testcase classname="com.framework.TestCases.TestCases" name="Verify_Radio_Button_Is_Display_Inside_Explore_And_Audit_Section" time="0.0">
    <ignored/>
  </testcase> <!-- Verify_Radio_Button_Is_Display_Inside_Explore_And_Audit_Section -->
  <testcase classname="com.framework.TestCases.TestCases" name="Verify_Suggested_Question_have_Relevent_Answer_In_Product_Support_Avatar" time="0.0">
    <ignored/>
  </testcase> <!-- Verify_Suggested_Question_have_Relevent_Answer_In_Product_Support_Avatar -->
  <testcase classname="com.framework.TestCases.TestCases" name="Verify_Better_Understanding_Questions" time="0.0">
    <ignored/>
  </testcase> <!-- Verify_Better_Understanding_Questions -->
  <testcase classname="com.framework.TestCases.TestCases" name="Verify_Password_Field_Masks_The_Password" time="0.0">
    <ignored/>
  </testcase> <!-- Verify_Password_Field_Masks_The_Password -->
  <testcase classname="com.framework.TestCases.TestCases" name="Verify_That_Card_And_Tree_View_Is_Display" time="0.0">
    <ignored/>
  </testcase> <!-- Verify_That_Card_And_Tree_View_Is_Display -->
  <testcase classname="com.framework.TestCases.TestCases" name="Verify_That_Expert_Can_Answer_Submit_And_Decline" time="0.0">
    <ignored/>
  </testcase> <!-- Verify_That_Expert_Can_Answer_Submit_And_Decline -->
  <testcase classname="com.framework.TestCases.TestCases" name="Verify_That_Open_Extras_Panel_Is_Display" time="0.0">
    <ignored/>
  </testcase> <!-- Verify_That_Open_Extras_Panel_Is_Display -->
  <testcase classname="com.framework.TestCases.TestCases" name="Verify_Understanding_Questions_Asked_To_Nesh" time="0.0">
    <ignored/>
  </testcase> <!-- Verify_Understanding_Questions_Asked_To_Nesh -->
  <testcase classname="com.framework.TestCases.TestCases" name="Verify_That_Clicking_On_The_Empty_Space_Above_The_Home_Button_Does_Not_Lead_To_The_Home_Page" time="0.0">
    <ignored/>
  </testcase> <!-- Verify_That_Clicking_On_The_Empty_Space_Above_The_Home_Button_Does_Not_Lead_To_The_Home_Page -->
  <testcase classname="com.framework.TestCases.TestCases" name="Verify_That_Knowledge_Recall_Percentage_Are_Showing_On_The_Avatars_Channel" time="0.0">
    <ignored/>
  </testcase> <!-- Verify_That_Knowledge_Recall_Percentage_Are_Showing_On_The_Avatars_Channel -->
  <testcase classname="com.framework.TestCases.TestCases" name="Verify_That_Channels_Are_Rename_To_Avatars_Every_Where_On_Nesh" time="0.0">
    <ignored/>
  </testcase> <!-- Verify_That_Channels_Are_Rename_To_Avatars_Every_Where_On_Nesh -->
  <testcase classname="com.framework.TestCases.TestCases" name="Verify_Nesh_Logo_Button" time="0.0">
    <ignored/>
  </testcase> <!-- Verify_Nesh_Logo_Button -->
  <testcase classname="com.framework.TestCases.TestCases" name="Verify_Answer_is_Showing_Related_Shearched_Query" time="0.0">
    <ignored/>
  </testcase> <!-- Verify_Answer_is_Showing_Related_Shearched_Query -->
  <testcase classname="com.framework.TestCases.TestCases" name="Verify_That_Graph_View_Is_Display_On_The_Home_Page" time="0.0">
    <ignored/>
  </testcase> <!-- Verify_That_Graph_View_Is_Display_On_The_Home_Page -->
  <testcase classname="com.framework.TestCases.TestCases" name="Verify_Answer_Appear_From_Regulatory_Filing_Text_In_The_Text_Tab_UI" time="0.0">
    <ignored/>
  </testcase> <!-- Verify_Answer_Appear_From_Regulatory_Filing_Text_In_The_Text_Tab_UI -->
  <testcase classname="com.framework.TestCases.TestCases" name="Verify_Files_Option" time="0.0">
    <ignored/>
  </testcase> <!-- Verify_Files_Option -->
  <testcase classname="com.framework.TestCases.TestCases" name="Verify_That_Share_Option_Is_Disable" time="0.0">
    <ignored/>
  </testcase> <!-- Verify_That_Share_Option_Is_Disable -->
  <testcase classname="com.framework.TestCases.TestCases" name="Verify_Filtering_Query_Results_Using_Sentiment" time="0.0">
    <ignored/>
  </testcase> <!-- Verify_Filtering_Query_Results_Using_Sentiment -->
  <testcase classname="com.framework.TestCases.TestCases" name="Verify_All_The_Field_Appears" time="0.0">
    <ignored/>
  </testcase> <!-- Verify_All_The_Field_Appears -->
  <testcase classname="com.framework.TestCases.TestCases" name="Verify_Find_Help_And_Service_Box_Works_Properly" time="0.0">
    <ignored/>
  </testcase> <!-- Verify_Find_Help_And_Service_Box_Works_Properly -->
  <testcase classname="com.framework.TestCases.TestCases" name="Verify_That_Provided_Expert_Answer_Is_Display_In_The_Search_Result_Page" time="0.0">
    <ignored/>
  </testcase> <!-- Verify_That_Provided_Expert_Answer_Is_Display_In_The_Search_Result_Page -->
  <testcase classname="com.framework.TestCases.TestCases" name="Verify_Themes_Are_Not_Highlighted_With_Purpule_Colour" time="0.0">
    <ignored/>
  </testcase> <!-- Verify_Themes_Are_Not_Highlighted_With_Purpule_Colour -->
  <testcase classname="com.framework.TestCases.TestCases" name="Verify_That_User_Can_Dismiss_Feedback_Window_If_They_Choose_Not_To_Provide_Feedback_Of_Down_Thumb" time="0.0">
    <ignored/>
  </testcase> <!-- Verify_That_User_Can_Dismiss_Feedback_Window_If_They_Choose_Not_To_Provide_Feedback_Of_Down_Thumb -->
  <testcase classname="com.framework.TestCases.TestCases" name="Verify_Upload_Files_Option" time="0.0">
    <ignored/>
  </testcase> <!-- Verify_Upload_Files_Option -->
  <testcase classname="com.framework.TestCases.TestCases" name="Verify_That_Media_Type_Grouping_Is_Working" time="0.0">
    <ignored/>
  </testcase> <!-- Verify_That_Media_Type_Grouping_Is_Working -->
  <testcase classname="com.framework.TestCases.TestCases" name="Verify_That_The_Top_Three_Experts_Are_Shown_More_Prominently" time="0.0">
    <ignored/>
  </testcase> <!-- Verify_That_The_Top_Three_Experts_Are_Shown_More_Prominently -->
  <testcase classname="com.framework.TestCases.TestCases" name="Verify_Answer_Appear_From_Regulatory_Filing_In_The_Image_Format" time="0.0">
    <ignored/>
  </testcase> <!-- Verify_Answer_Appear_From_Regulatory_Filing_In_The_Image_Format -->
  <testcase classname="com.framework.TestCases.TestCases" name="Verify_The_Enter_Key_WorksAs_A_Substitue" time="0.0">
    <ignored/>
  </testcase> <!-- Verify_The_Enter_Key_WorksAs_A_Substitue -->
  <testcase classname="com.framework.TestCases.TestCases" name="Verify_Response_Box_Is_Glowing_When_Reponse_Is_Grater_Then_Zero_In_Factset" time="0.0">
    <ignored/>
  </testcase> <!-- Verify_Response_Box_Is_Glowing_When_Reponse_Is_Grater_Then_Zero_In_Factset -->
  <testcase classname="com.framework.TestCases.TestCases" name="Verify_That_Removing_Any_File_Not_Lead_To_User_Logout" time="0.0">
    <ignored/>
  </testcase> <!-- Verify_That_Removing_Any_File_Not_Lead_To_User_Logout -->
  <testcase classname="com.framework.TestCases.TestCases" name="Verify_The_Topics_Name_Is_Display_Under_The_Insights" time="0.0">
    <ignored/>
  </testcase> <!-- Verify_The_Topics_Name_Is_Display_Under_The_Insights -->
  <testcase classname="com.framework.TestCases.TestCases" name="Verify_Filtering_Query_Results_Using_Person" time="0.0">
    <ignored/>
  </testcase> <!-- Verify_Filtering_Query_Results_Using_Person -->
  <testcase classname="com.framework.TestCases.TestCases" name="Verify_That_Tree_View_Is_Display_On_The_Home_Page" time="0.0">
    <ignored/>
  </testcase> <!-- Verify_That_Tree_View_Is_Display_On_The_Home_Page -->
  <testcase classname="com.framework.TestCases.TestCases" name="Verify_That_Password_Criteria_Work_As_Expected" time="0.0">
    <ignored/>
  </testcase> <!-- Verify_That_Password_Criteria_Work_As_Expected -->
  <testcase classname="com.framework.TestCases.TestCases" name="Verify_That_Expert_Answers_Are_Comming_With_Expert_Name" time="0.0">
    <ignored/>
  </testcase> <!-- Verify_That_Expert_Answers_Are_Comming_With_Expert_Name -->
  <testcase classname="com.framework.TestCases.TestCases" name="Verify_That_Only_One_Reason_Is_Selecting_At_A_Time_Of_Voting_Question" time="0.0">
    <ignored/>
  </testcase> <!-- Verify_That_Only_One_Reason_Is_Selecting_At_A_Time_Of_Voting_Question -->
  <testcase classname="com.framework.TestCases.TestCases" name="Verify_That_Help_Icon_Redirects_To_On_Help_Service_Page" time="0.0">
    <ignored/>
  </testcase> <!-- Verify_That_Help_Icon_Redirects_To_On_Help_Service_Page -->
  <testcase classname="com.framework.TestCases.TestCases" name="Verify_Home_Navigation" time="0.0">
    <ignored/>
  </testcase> <!-- Verify_Home_Navigation -->
  <testcase classname="com.framework.TestCases.TestCases" name="Verify_That_Mail_Contain_Bold_Text" time="0.0">
    <ignored/>
  </testcase> <!-- Verify_That_Mail_Contain_Bold_Text -->
</testsuite> <!-- Default test -->
